
Fri Jun 27 08:28:33 EDT 2003
level=10&outsize=512&outtype=JS&maximum=%2B0.0&minimum=%2B0.0&comments=You+are+just+too+cool+Jake.+&colortable=BW&ffile=%2Fnet%2Fcentaur%2Flz%2Flevel_05%2F010101%2Fc3%2F32063186.fts&ffile=%2Fnet%2Fcentaur%2Flz%2Flevel_05%2F010101%2Fc3%2F32063187.fts&ffile=%2Fnet%2Fcentaur%2Flz%2Flevel_05%2F010101%2Fc3%2F32063188.fts

Fri Jun 27 11:59:22 EDT 2003
level=10&outsize=512&outtype=JS&maximum=%2B0.0&minimum=%2B0.0&comments=&colortable=BW&imgtype=diff&ffile=%2Fnet%2Fcentaur%2Flz%2Flevel_05%2F010101%2Fc3%2F32063186.fts&ffile=%2Fnet%2Fcentaur%2Flz%2Flevel_05%2F010101%2Fc3%2F32063187.fts&ffile=%2Fnet%2Fcentaur%2Flz%2Flevel_05%2F010101%2Fc3%2F32063188.fts

Mon Jun 30 10:46:56 EDT 2003
level=10&outsize=512&outtype=JS&maximum=%2B0.0&minimum=%2B0.0&comments=&colortable=BW&imgtype=norm&ffile=%2Fnet%2Fcentaur%2Flz%2Flevel_05%2F010101%2Fc4%2F42187347.fts&ffile=%2Fnet%2Fcentaur%2Flz%2Flevel_05%2F010101%2Fc4%2F42187348.fts

Tue Jul  1 09:00:55 EDT 2003
level=10&outsize=512&outtype=PNG&maximum=%2B0.0&minimum=%2B0.0&comments=&colortable=BW&imgtype=norm&ffile=%2Fnet%2Fcentaur%2Flz%2Flevel_05%2F010101%2Fc4%2F42187347.fts&ffile=%2Fnet%2Fcentaur%2Flz%2Flevel_05%2F010101%2Fc4%2F42187348.fts

Tue Jul  1 09:48:23 EDT 2003
level=10&outsize=512&outtype=PNG&maximum=%2B0.0&minimum=%2B0.0&comments=&colortable=BW&imgtype=norm&ffile=%2Fnet%2Fcentaur%2Flz%2Flevel_05%2F010101%2Fc4%2F42187347.fts&ffile=%2Fnet%2Fcentaur%2Flz%2Flevel_05%2F010101%2Fc4%2F42187348.fts

Tue Jul  1 09:49:04 EDT 2003
level=10&outsize=512&outtype=PNG&maximum=%2B0.0&minimum=%2B0.0&comments=&colortable=BW&imgtype=norm&ffile=%2Fnet%2Fcentaur%2Flz%2Flevel_05%2F010101%2Fc4%2F42187347.fts&ffile=%2Fnet%2Fcentaur%2Flz%2Flevel_05%2F010101%2Fc4%2F42187348.fts

Tue Jul  1 09:50:57 EDT 2003
level=10&outsize=512&outtype=PNG&maximum=%2B0.0&minimum=%2B0.0&comments=&colortable=BW&imgtype=norm&ffile=%2Fnet%2Fcentaur%2Flz%2Flevel_05%2F010101%2Fc4%2F42187347.fts&ffile=%2Fnet%2Fcentaur%2Flz%2Flevel_05%2F010101%2Fc4%2F42187348.fts

Tue Jul  1 10:03:01 EDT 2003
level=10&outsize=512&outtype=JPG&maximum=%2B0.0&minimum=%2B0.0&comments=&colortable=BW&imgtype=norm&ffile=%2Fnet%2Fcentaur%2Flz%2Flevel_05%2F010101%2Fc4%2F42187347.fts&ffile=%2Fnet%2Fcentaur%2Flz%2Flevel_05%2F010101%2Fc4%2F42187348.fts

Tue Jul  1 14:27:40 EDT 2003
level=10&outsize=256&outtype=PNG&maximum=%2B0.0&minimum=%2B0.0&comments=&colortable=BW&imgtype=norm&ffile=%2Fnet%2Fcentaur%2Flz%2Flevel_05%2F010101%2Fc2%2F22083773.fts&ffile=%2Fnet%2Fcentaur%2Flz%2Flevel_05%2F010101%2Fc2%2F22083774.fts&ffile=%2Fnet%2Fcentaur%2Flz%2Flevel_05%2F010101%2Fc2%2F22083775.fts&ffile=%2Fnet%2Fcentaur%2Flz%2Flevel_05%2F010101%2Fc2%2F22083776.fts&ffile=%2Fnet%2Fcentaur%2Flz%2Flevel_05%2F010101%2Fc2%2F22083777.fts&ffile=%2Fnet%2Fcentaur%2Flz%2Flevel_05%2F010101%2Fc2%2F22083778.fts&ffile=%2Fnet%2Fcentaur%2Flz%2Flevel_05%2F010101%2Fc2%2F22083779.fts&ffile=%2Fnet%2Fcentaur%2Flz%2Flevel_05%2F010101%2Fc2%2F22083780.fts&ffile=%2Fnet%2Fcentaur%2Flz%2Flevel_05%2F010101%2Fc2%2F22083781.fts&ffile=%2Fnet%2Fcentaur%2Flz%2Flevel_05%2F010101%2Fc2%2F22083782.fts

Tue Jul  1 14:41:33 EDT 2003
level=10&outsize=256&outtype=PNG&maximum=%2B0.0&minimum=%2B0.0&comments=&colortable=BW&imgtype=norm&ffile=%2Fnet%2Fcentaur%2Flz%2Flevel_05%2F010101%2Fc2%2F22083773.fts&ffile=%2Fnet%2Fcentaur%2Flz%2Flevel_05%2F010101%2Fc2%2F22083774.fts&ffile=%2Fnet%2Fcentaur%2Flz%2Flevel_05%2F010101%2Fc2%2F22083775.fts&ffile=%2Fnet%2Fcentaur%2Flz%2Flevel_05%2F010101%2Fc2%2F22083776.fts&ffile=%2Fnet%2Fcentaur%2Flz%2Flevel_05%2F010101%2Fc2%2F22083777.fts&ffile=%2Fnet%2Fcentaur%2Flz%2Flevel_05%2F010101%2Fc2%2F22083778.fts&ffile=%2Fnet%2Fcentaur%2Flz%2Flevel_05%2F010101%2Fc2%2F22083779.fts&ffile=%2Fnet%2Fcentaur%2Flz%2Flevel_05%2F010101%2Fc2%2F22083780.fts&ffile=%2Fnet%2Fcentaur%2Flz%2Flevel_05%2F010101%2Fc2%2F22083781.fts&ffile=%2Fnet%2Fcentaur%2Flz%2Flevel_05%2F010101%2Fc2%2F22083782.fts

Tue Jul  1 15:00:39 EDT 2003
level=10&outsize=256&outtype=PNG&maximum=%2B0.0&minimum=%2B0.0&comments=&colortable=BW&imgtype=norm&ffile=%2Fnet%2Fcentaur%2Flz%2Flevel_05%2F010101%2Fc2%2F22083773.fts&ffile=%2Fnet%2Fcentaur%2Flz%2Flevel_05%2F010101%2Fc2%2F22083774.fts&ffile=%2Fnet%2Fcentaur%2Flz%2Flevel_05%2F010101%2Fc2%2F22083775.fts&ffile=%2Fnet%2Fcentaur%2Flz%2Flevel_05%2F010101%2Fc2%2F22083776.fts&ffile=%2Fnet%2Fcentaur%2Flz%2Flevel_05%2F010101%2Fc2%2F22083777.fts&ffile=%2Fnet%2Fcentaur%2Flz%2Flevel_05%2F010101%2Fc2%2F22083778.fts&ffile=%2Fnet%2Fcentaur%2Flz%2Flevel_05%2F010101%2Fc2%2F22083779.fts&ffile=%2Fnet%2Fcentaur%2Flz%2Flevel_05%2F010101%2Fc2%2F22083784.fts&ffile=%2Fnet%2Fcentaur%2Flz%2Flevel_05%2F010101%2Fc2%2F22083785.fts&ffile=%2Fnet%2Fcentaur%2Flz%2Flevel_05%2F010101%2Fc2%2F22083786.fts

Tue Jul  1 15:14:26 EDT 2003
level=10&outsize=256&outtype=PNG&maximum=%2B0.0&minimum=%2B0.0&comments=&colortable=BW&imgtype=norm&ffile=%2Fnet%2Fcentaur%2Flz%2Flevel_05%2F010101%2Fc2%2F22083773.fts&ffile=%2Fnet%2Fcentaur%2Flz%2Flevel_05%2F010101%2Fc2%2F22083774.fts&ffile=%2Fnet%2Fcentaur%2Flz%2Flevel_05%2F010101%2Fc2%2F22083775.fts

Wed Jul  2 13:37:56 EDT 2003
level=10&outsize=256&outtype=AGIFL&maximum=%2B0.0&minimum=%2B0.0&comments=&colortable=BW&imgtype=norm&ffile=%2Fnet%2Fcorona%2Fcplex2%2Flz_data%2Flevel_05%2F960323%2Fc3%2F32004286.fts&ffile=%2Fnet%2Fcorona%2Fcplex2%2Flz_data%2Flevel_05%2F960323%2Fc3%2F32004288.fts&ffile=%2Fnet%2Fcorona%2Fcplex2%2Flz_data%2Flevel_05%2F960324%2Fc3%2F32004290.fts&ffile=%2Fnet%2Fcorona%2Fcplex2%2Flz_data%2Flevel_05%2F960324%2Fc3%2F32004292.fts&ffile=%2Fnet%2Fcorona%2Fcplex2%2Flz_data%2Flevel_05%2F960324%2Fc3%2F32004294.fts&ffile=%2Fnet%2Fcorona%2Fcplex2%2Flz_data%2Flevel_05%2F960324%2Fc3%2F32004296.fts

Wed Jul  2 13:40:47 EDT 2003
level=10&outsize=256&outtype=AGIFL&maximum=%2B0.0&minimum=%2B0.0&comments=&colortable=BW&imgtype=norm&ffile=%2Fnet%2Fcorona%2Fcplex2%2Flz_data%2Flevel_05%2F000404%2Fc3%2F32050591.fts&ffile=%2Fnet%2Fcorona%2Fcplex2%2Flz_data%2Flevel_05%2F000404%2Fc3%2F32050593.fts&ffile=%2Fnet%2Fcorona%2Fcplex2%2Flz_data%2Flevel_05%2F000404%2Fc3%2F32050595.fts&ffile=%2Fnet%2Fcorona%2Fcplex2%2Flz_data%2Flevel_05%2F000404%2Fc3%2F32050597.fts&ffile=%2Fnet%2Fcorona%2Fcplex2%2Flz_data%2Flevel_05%2F000404%2Fc3%2F32050599.fts&ffile=%2Fnet%2Fcorona%2Fcplex2%2Flz_data%2Flevel_05%2F000404%2Fc3%2F32050601.fts&ffile=%2Fnet%2Fcorona%2Fcplex2%2Flz_data%2Flevel_05%2F000404%2Fc3%2F32050603.fts

Wed Jul  2 13:47:11 EDT 2003
level=10&outsize=256&outtype=AGIFL&maximum=%2B0.0&minimum=%2B0.0&comments=&colortable=BW&imgtype=norm&ffile=%2Fnet%2Fcorona%2Fcplex2%2Flz_data%2Flevel_05%2F000404%2Fc3%2F32050591.fts&ffile=%2Fnet%2Fcorona%2Fcplex2%2Flz_data%2Flevel_05%2F000404%2Fc3%2F32050593.fts&ffile=%2Fnet%2Fcorona%2Fcplex2%2Flz_data%2Flevel_05%2F000404%2Fc3%2F32050595.fts&ffile=%2Fnet%2Fcorona%2Fcplex2%2Flz_data%2Flevel_05%2F000404%2Fc3%2F32050597.fts&ffile=%2Fnet%2Fcorona%2Fcplex2%2Flz_data%2Flevel_05%2F000404%2Fc3%2F32050599.fts&ffile=%2Fnet%2Fcorona%2Fcplex2%2Flz_data%2Flevel_05%2F000404%2Fc3%2F32050601.fts&ffile=%2Fnet%2Fcorona%2Fcplex2%2Flz_data%2Flevel_05%2F000404%2Fc3%2F32050603.fts

Wed Jul  2 13:47:41 EDT 2003
level=10&outsize=256&outtype=AGIFL&maximum=%2B0.0&minimum=%2B0.0&comments=&colortable=BW&imgtype=norm&ffile=%2Fnet%2Fcorona%2Fcplex2%2Flz_data%2Flevel_05%2F000404%2Fc3%2F32050591.fts&ffile=%2Fnet%2Fcorona%2Fcplex2%2Flz_data%2Flevel_05%2F000404%2Fc3%2F32050593.fts&ffile=%2Fnet%2Fcorona%2Fcplex2%2Flz_data%2Flevel_05%2F000404%2Fc3%2F32050595.fts

Mon Jul  7 07:54:39 EDT 2003
level=10&outsize=256&outtype=PNG&maximum=%2B0.0&minimum=%2B0.0&comments=jake+testing&colortable=BW&imgtype=norm&ffile=%2Fnet%2Fcentaur%2Flz%2Flevel_05%2F010101%2Fc2%2F22083773.fts&ffile=%2Fnet%2Fcentaur%2Flz%2Flevel_05%2F010101%2Fc2%2F22083774.fts&ffile=%2Fnet%2Fcentaur%2Flz%2Flevel_05%2F010101%2Fc2%2F22083775.fts

Tue Jul  8 14:34:17 EDT 2003
level=10&outsize=256&outtype=MNG&maximum=%2B0.0&minimum=%2B0.0&comments=jake+testing&colortable=BW&imgtype=norm&ffile=%2Fnet%2Fcentaur%2Flz%2Flevel_05%2F010101%2Fc2%2F22083773.fts&ffile=%2Fnet%2Fcentaur%2Flz%2Flevel_05%2F010101%2Fc2%2F22083774.fts&ffile=%2Fnet%2Fcentaur%2Flz%2Flevel_05%2F010101%2Fc2%2F22083775.fts

Wed Jul  9 21:26:22 EDT 2003
level=10&outsize=256&outtype=GIF&maximum=%2B0.0&minimum=%2B0.0&comments=&colortable=BW&imgtype=norm&ffile=%2Fnet%2Fcorona%2Flz%2Flevel_05%2F030601%2Fc3%2F32106890.fts

Wed Jul  9 21:44:35 EDT 2003
level=10&outsize=128&outtype=GIF&maximum=%2B0.0&minimum=%2B0.0&comments=&colortable=BW&imgtype=norm&ffile=%2Fnet%2Fcorona%2Flz%2Flevel_05%2F030507%2Fc3%2F32105712.fts

Wed Jul  9 21:47:13 EDT 2003
level=10&outsize=256&outtype=GIF&maximum=%2B0.0&minimum=%2B0.0&comments=&colortable=BW&imgtype=norm&ffile=%2Fnet%2Fcorona%2Flz%2Flevel_05%2F020529%2Fc3%2F32088684.fts

Wed Jul  9 21:50:55 EDT 2003
level=10&outsize=256&outtype=GIF&maximum=%2B0.0&minimum=%2B0.0&comments=&colortable=BW&imgtype=norm&ffile=%2Fnet%2Fcorona%2Flz%2Flevel_05%2F030529%2Fc3%2F32106744.fts

Wed Jul  9 21:55:36 EDT 2003
level=10&outsize=512&outtype=GIF&maximum=%2B0.0&minimum=%2B0.0&comments=&colortable=BW&imgtype=norm&ffile=%2Fnet%2Fcorona%2Flz%2Flevel_05%2F030529%2Fc3%2F32106744.fts

Wed Jul  9 22:07:16 EDT 2003
level=10&outsize=512&outtype=GIF&maximum=%2B0.0&minimum=%2B0.0&comments=&colortable=BW&imgtype=norm&ffile=%2Fnet%2Fcorona%2Flz%2Flevel_05%2F020529%2Fc3%2F32088684.fts

Wed Jul  9 22:47:40 EDT 2003
level=10&outsize=512&outtype=AGIFL&maximum=%2B0.0&minimum=%2B0.0&comments=&colortable=BW&imgtype=norm&ffile=%2Fnet%2Fcorona%2Fql%2Flevel_05%2F030623%2Fc3%2F31104930.fts&ffile=%2Fnet%2Fcorona%2Fql%2Flevel_05%2F030623%2Fc3%2F31104931.fts&ffile=%2Fnet%2Fcorona%2Fql%2Flevel_05%2F030623%2Fc3%2F31104932.fts&ffile=%2Fnet%2Fcorona%2Fql%2Flevel_05%2F030623%2Fc3%2F31104933.fts&ffile=%2Fnet%2Fcorona%2Fql%2Flevel_05%2F030623%2Fc3%2F31104934.fts&ffile=%2Fnet%2Fcorona%2Fql%2Flevel_05%2F030623%2Fc3%2F31104935.fts&ffile=%2Fnet%2Fcorona%2Fql%2Flevel_05%2F030623%2Fc3%2F31104936.fts&ffile=%2Fnet%2Fcorona%2Fql%2Flevel_05%2F030623%2Fc3%2F31104937.fts

Thu Jul 10 09:45:44 EDT 2003
level=10&outsize=512&outtype=JS&maximum=%2B0.0&minimum=%2B0.0&comments=&colortable=BW&imgtype=norm&ffile=%2Fnet%2Fcorona%2Flz%2Flevel_05%2F030601%2Fc2%2F22148328.fts&ffile=%2Fnet%2Fcorona%2Flz%2Flevel_05%2F030601%2Fc2%2F22148329.fts&ffile=%2Fnet%2Fcorona%2Flz%2Flevel_05%2F030601%2Fc2%2F22148330.fts

Wed Jul 23 09:45:18 EDT 2003
level=10&outsize=512&outtype=JS&maximum=%2B0.0&minimum=%2B0.0&comments=&colortable=BW&imgtype=norm&ffile=%2Fnet%2Fcorona%2Fql%2Flevel_05%2F030720%2Fc3%2F31105497.fts

Wed Jul 23 09:48:02 EDT 2003
level=10&outsize=512&outtype=JS&maximum=%2B0.0&minimum=%2B0.0&comments=&colortable=BW&imgtype=norm&ffile=%2Fnet%2Fcorona%2Fql%2Flevel_05%2F030720%2Fc3%2F31105497.fts

Wed Jul 23 09:50:13 EDT 2003
level=10&outsize=512&outtype=JS&maximum=%2B0.0&minimum=%2B0.0&comments=&colortable=BW&imgtype=norm&ffile=%2Fnet%2Fcorona%2Fql%2Flevel_05%2F030720%2Fc3%2F31105497.fts

Wed Jul 23 09:51:38 EDT 2003
level=10&outsize=512&outtype=JS&maximum=%2B0.0&minimum=%2B0.0&comments=&colortable=BW&imgtype=norm&ffile=%2Fnet%2Fcorona%2Fql%2Flevel_05%2F030720%2Fc3%2F31105497.fts

Wed Jul 23 09:56:00 EDT 2003
level=10&outsize=512&outtype=JS&maximum=%2B0.0&minimum=%2B0.0&comments=&colortable=BW&imgtype=norm&ffile=%2Fnet%2Fcorona%2Fql%2Flevel_05%2F030720%2Fc3%2F31105497.fts

Wed Jul 23 09:56:36 EDT 2003
level=10&outsize=512&outtype=JS&maximum=%2B0.0&minimum=%2B0.0&comments=&colortable=BW&imgtype=norm&ffile=%2Fnet%2Fcorona%2Fql%2Flevel_05%2F030720%2Fc3%2F31105497.fts

Wed Jul 23 09:58:57 EDT 2003
level=10&outsize=512&outtype=JS&maximum=%2B0.0&minimum=%2B0.0&comments=&colortable=BW&imgtype=norm&ffile=%2Fnet%2Fcorona%2Fql%2Flevel_05%2F030720%2Fc3%2F31105497.fts

Wed Jul 23 10:02:12 EDT 2003
level=10&outsize=512&outtype=JS&maximum=%2B0.0&minimum=%2B0.0&comments=&colortable=BW&imgtype=norm&ffile=%2Fnet%2Fcorona%2Fql%2Flevel_05%2F030720%2Fc3%2F31105497.fts

Wed Jul 23 10:03:47 EDT 2003
level=10&outsize=512&outtype=JS&maximum=%2B0.0&minimum=%2B0.0&comments=&colortable=BW&imgtype=norm&ffile=%2Fnet%2Fcorona%2Fql%2Flevel_05%2F030720%2Fc3%2F31105497.fts

Wed Jul 23 10:03:58 EDT 2003
level=10&outsize=512&outtype=JS&maximum=%2B0.0&minimum=%2B0.0&comments=&colortable=BW&imgtype=norm&ffile=%2Fnet%2Fcorona%2Fql%2Flevel_05%2F030720%2Fc3%2F31105498.fts

Wed Jul 23 10:05:03 EDT 2003
level=10&outsize=512&outtype=JS&maximum=%2B0.0&minimum=%2B0.0&comments=&colortable=BW&imgtype=norm&ffile=%2Fnet%2Fcorona%2Fql%2Flevel_05%2F030720%2Fc3%2F31105498.fts

Wed Jul 23 10:06:59 EDT 2003
level=10&outsize=512&outtype=JS&maximum=%2B0.0&minimum=%2B0.0&comments=&colortable=BW&imgtype=norm&ffile=%2Fnet%2Fcorona%2Fql%2Flevel_05%2F030720%2Fc3%2F31105498.fts&ffile=%2Fnet%2Fcorona%2Fql%2Flevel_05%2F030720%2Fc3%2F31105503.fts&ffile=%2Fnet%2Fcorona%2Fql%2Flevel_05%2F030720%2Fc3%2F31105510.fts&ffile=%2Fnet%2Fcorona%2Fql%2Flevel_05%2F030720%2Fc3%2F31105515.fts

Wed Jul 23 11:52:00 EDT 2003
level=10&outsize=512&outtype=JS&maximum=%2B0.0&minimum=%2B0.0&comments=&colortable=BW&imgtype=norm&ffile=%2Fnet%2Fcorona%2Fql%2Flevel_05%2F030720%2Fc3%2F31105498.fts&ffile=%2Fnet%2Fcorona%2Fql%2Flevel_05%2F030720%2Fc3%2F31105503.fts&ffile=%2Fnet%2Fcorona%2Fql%2Flevel_05%2F030720%2Fc3%2F31105510.fts&ffile=%2Fnet%2Fcorona%2Fql%2Flevel_05%2F030720%2Fc3%2F31105515.fts

Wed Jul 23 11:54:01 EDT 2003
level=10&outsize=512&outtype=JS&maximum=%2B0.0&minimum=%2B0.0&comments=&colortable=BW&imgtype=norm&ffile=%2Fnet%2Fcorona%2Fql%2Flevel_05%2F030720%2Fc3%2F31105498.fts&ffile=%2Fnet%2Fcorona%2Fql%2Flevel_05%2F030720%2Fc3%2F31105503.fts&ffile=%2Fnet%2Fcorona%2Fql%2Flevel_05%2F030720%2Fc3%2F31105510.fts&ffile=%2Fnet%2Fcorona%2Fql%2Flevel_05%2F030720%2Fc3%2F31105515.fts

Wed Jul 23 11:58:36 EDT 2003
level=10&outsize=512&outtype=JS&maximum=%2B0.0&minimum=%2B0.0&comments=&colortable=BW&imgtype=norm&ffile=%2Fnet%2Fcorona%2Fql%2Flevel_05%2F030720%2Fc3%2F31105498.fts&ffile=%2Fnet%2Fcorona%2Fql%2Flevel_05%2F030720%2Fc3%2F31105503.fts&ffile=%2Fnet%2Fcorona%2Fql%2Flevel_05%2F030720%2Fc3%2F31105510.fts&ffile=%2Fnet%2Fcorona%2Fql%2Flevel_05%2F030720%2Fc3%2F31105515.fts

Wed Jul 23 11:59:47 EDT 2003
level=10&outsize=512&outtype=JS&maximum=%2B0.0&minimum=%2B0.0&comments=&colortable=BW&imgtype=norm&ffile=%2Fnet%2Fcorona%2Fql%2Flevel_05%2F030720%2Fc3%2F31105498.fts&ffile=%2Fnet%2Fcorona%2Fql%2Flevel_05%2F030720%2Fc3%2F31105503.fts&ffile=%2Fnet%2Fcorona%2Fql%2Flevel_05%2F030720%2Fc3%2F31105510.fts&ffile=%2Fnet%2Fcorona%2Fql%2Flevel_05%2F030720%2Fc3%2F31105515.fts

Wed Jul 23 12:29:01 EDT 2003
level=10&outsize=512&outtype=JS&maximum=%2B0.0&minimum=%2B0.0&comments=&colortable=BW&imgtype=norm&ffile=%2Fnet%2Fcorona%2Fql%2Flevel_05%2F030720%2Fc3%2F31105498.fts&ffile=%2Fnet%2Fcorona%2Fql%2Flevel_05%2F030720%2Fc3%2F31105503.fts&ffile=%2Fnet%2Fcorona%2Fql%2Flevel_05%2F030720%2Fc3%2F31105510.fts&ffile=%2Fnet%2Fcorona%2Fql%2Flevel_05%2F030720%2Fc3%2F31105515.fts

Thu Jul 24 13:34:37 EDT 2003
level=10&outsize=512&outtype=JS&maximum=%2B0.0&minimum=%2B0.0&comments=&colortable=BW&imgtype=norm&ffile=%2Fnet%2Fcorona%2Fql%2Flevel_05%2F030720%2Fc3%2F31105498.fts&ffile=%2Fnet%2Fcorona%2Fql%2Flevel_05%2F030720%2Fc3%2F31105503.fts&ffile=%2Fnet%2Fcorona%2Fql%2Flevel_05%2F030720%2Fc3%2F31105510.fts&ffile=%2Fnet%2Fcorona%2Fql%2Flevel_05%2F030720%2Fc3%2F31105515.fts

Thu Jul 24 13:36:54 EDT 2003
level=10&outsize=512&outtype=JS&maximum=%2B0.0&minimum=%2B0.0&comments=&colortable=BW&imgtype=norm&ffile=%2Fnet%2Fcorona%2Fql%2Flevel_05%2F030720%2Fc3%2F31105498.fts&ffile=%2Fnet%2Fcorona%2Fql%2Flevel_05%2F030720%2Fc3%2F31105503.fts&ffile=%2Fnet%2Fcorona%2Fql%2Flevel_05%2F030720%2Fc3%2F31105510.fts&ffile=%2Fnet%2Fcorona%2Fql%2Flevel_05%2F030720%2Fc3%2F31105515.fts

Thu Jul 24 13:44:23 EDT 2003
level=10&outsize=512&outtype=JS&maximum=%2B0.0&minimum=%2B0.0&comments=&colortable=BW&imgtype=norm&ffile=%2Fnet%2Fcorona%2Fql%2Flevel_05%2F030720%2Fc3%2F31105498.fts&ffile=%2Fnet%2Fcorona%2Fql%2Flevel_05%2F030720%2Fc3%2F31105503.fts&ffile=%2Fnet%2Fcorona%2Fql%2Flevel_05%2F030720%2Fc3%2F31105510.fts&ffile=%2Fnet%2Fcorona%2Fql%2Flevel_05%2F030720%2Fc3%2F31105515.fts

Thu Jul 24 14:34:01 EDT 2003
level=10&outsize=512&outtype=JS&maximum=%2B0.0&minimum=%2B0.0&comments=&colortable=BW&imgtype=norm&ffile=%2Fnet%2Fcorona%2Fql%2Flevel_05%2F030720%2Fc3%2F31105498.fts&ffile=%2Fnet%2Fcorona%2Fql%2Flevel_05%2F030720%2Fc3%2F31105503.fts&ffile=%2Fnet%2Fcorona%2Fql%2Flevel_05%2F030720%2Fc3%2F31105510.fts&ffile=%2Fnet%2Fcorona%2Fql%2Flevel_05%2F030720%2Fc3%2F31105515.fts

Thu Jul 24 15:06:47 EDT 2003
level=10&outsize=512&outtype=JS&maximum=%2B0.0&minimum=%2B0.0&comments=&colortable=BW&imgtype=norm&ffile=%2Fnet%2Fcorona%2Fql%2Flevel_05%2F030720%2Fc3%2F31105498.fts&ffile=%2Fnet%2Fcorona%2Fql%2Flevel_05%2F030720%2Fc3%2F31105503.fts&ffile=%2Fnet%2Fcorona%2Fql%2Flevel_05%2F030720%2Fc3%2F31105510.fts&ffile=%2Fnet%2Fcorona%2Fql%2Flevel_05%2F030720%2Fc3%2F31105515.fts

Thu Jul 24 15:36:33 EDT 2003
level=10&outsize=512&outtype=JS&maximum=%2B0.0&minimum=%2B0.0&comments=&colortable=BW&imgtype=norm&ffile=%2Fnet%2Fcentaur%2Flz%2Flevel_05%2F010101%2Fc3%2F32063186.fts

Fri Jul 25 08:41:46 EDT 2003
level=10&outsize=512&outtype=JS&maximum=%2B0.0&minimum=%2B0.0&comments=&colortable=BW&imgtype=norm&ffile=%2Fnet%2Fcorona%2Fql%2Flevel_05%2F030702%2Fc3%2F31104994.fts&ffile=%2Fnet%2Fcorona%2Fql%2Flevel_05%2F030703%2Fc3%2F31104995.fts&ffile=%2Fnet%2Fcorona%2Fql%2Flevel_05%2F030703%2Fc3%2F31105002.fts&ffile=%2Fnet%2Fcorona%2Fql%2Flevel_05%2F030703%2Fc3%2F31105003.fts&ffile=%2Fnet%2Fcorona%2Fql%2Flevel_05%2F030703%2Fc3%2F31105007.fts&ffile=%2Fnet%2Fcorona%2Fql%2Flevel_05%2F030703%2Fc3%2F31105050.fts&ffile=%2Fnet%2Fcorona%2Fql%2Flevel_05%2F030704%2Fc3%2F31105051.fts&ffile=%2Fnet%2Fcorona%2Fql%2Flevel_05%2F030704%2Fc3%2F31105054.fts&ffile=%2Fnet%2Fcorona%2Fql%2Flevel_05%2F030704%2Fc3%2F31105009.fts&ffile=%2Fnet%2Fcorona%2Fql%2Flevel_05%2F030705%2Fc3%2F31105019.fts&ffile=%2Fnet%2Fcorona%2Fql%2Flevel_05%2F030706%2Fc3%2F31105030.fts&ffile=%2Fnet%2Fcorona%2Fql%2Flevel_05%2F030706%2Fc3%2F31105037.fts&ffile=%2Fnet%2Fcorona%2Fql%2Flevel_05%2F030706%2Fc3%2F31105038.fts&ffile=%2Fnet%2Fcorona%2Fql%2Flevel_05%2F030706%2Fc3%2F31105043.fts&ffile=%2Fnet%2Fcorona%2Fql%2Flevel_05%2F030707%2Fc3%2F31105044.fts&ffile=%2Fnet%2Fcorona%2Fql%2Flevel_05%2F030707%2Fc3%2F31105046.fts&ffile=%2Fnet%2Fcorona%2Fql%2Flevel_05%2F030710%2Fc3%2F31105055.fts&ffile=%2Fnet%2Fcorona%2Fql%2Flevel_05%2F030710%2Fc3%2F31105064.fts&ffile=%2Fnet%2Fcorona%2Fql%2Flevel_05%2F030711%2Fc3%2F31105057.fts&ffile=%2Fnet%2Fcorona%2Fql%2Flevel_05%2F030711%2Fc3%2F31105071.fts&ffile=%2Fnet%2Fcorona%2Fql%2Flevel_05%2F030711%2Fc3%2F31105079.fts&ffile=%2Fnet%2Fcorona%2Fql%2Flevel_05%2F030711%2Fc3%2F31105088.fts&ffile=%2Fnet%2Fcorona%2Fql%2Flevel_05%2F030711%2Fc3%2F31105094.fts&ffile=%2Fnet%2Fcorona%2Fql%2Flevel_05%2F030711%2Fc3%2F31105105.fts&ffile=%2Fnet%2Fcorona%2Fql%2Flevel_05%2F030712%2Fc3%2F31105112.fts&ffile=%2Fnet%2Fcorona%2Fql%2Flevel_05%2F030712%2Fc3%2F31105117.fts&ffile=%2Fnet%2Fcorona%2Fql%2Flevel_05%2F030712%2Fc3%2F31105129.fts&ffile=%2Fnet%2Fcorona%2Fql%2Flevel_05%2F030712%2Fc3%2F31105138.fts&ffile=%2Fnet%2Fcorona%2Fql%2Flevel_05%2F030712%2Fc3%2F31105145.fts&ffile=%2Fnet%2Fcorona%2Fql%2Flevel_05%2F030712%2Fc3%2F31105152.fts&ffile=%2Fnet%2Fcorona%2Fql%2Flevel_05%2F030713%2Fc3%2F31105163.fts&ffile=%2Fnet%2Fcorona%2Fql%2Flevel_05%2F030713%2Fc3%2F31105170.fts&ffile=%2Fnet%2Fcorona%2Fql%2Flevel_05%2F030713%2Fc3%2F31105180.fts&ffile=%2Fnet%2Fcorona%2Fql%2Flevel_05%2F030713%2Fc3%2F31105190.fts&ffile=%2Fnet%2Fcorona%2Fql%2Flevel_05%2F030713%2Fc3%2F31105203.fts&ffile=%2Fnet%2Fcorona%2Fql%2Flevel_05%2F030713%2Fc3%2F31105211.fts

Tue Jul 29 15:27:12 EDT 2003
level=10&outsize=512&outtype=AGIFL&maximum=%2B0.0&minimum=%2B0.0&comments=&colortable=BW&imgtype=norm&ffile=%2Fnet%2Fcorona%2Fcplex2%2Flz_data%2Flevel_05%2F990309%2Fc4%2F42101458.fts&ffile=%2Fnet%2Fcorona%2Fcplex2%2Flz_data%2Flevel_05%2F990309%2Fc4%2F42101459.fts&ffile=%2Fnet%2Fcorona%2Fcplex2%2Flz_data%2Flevel_05%2F990309%2Fc3%2F32032175.fts&ffile=%2Fnet%2Fcorona%2Fcplex2%2Flz_data%2Flevel_05%2F990309%2Fc4%2F42101460.fts&ffile=%2Fnet%2Fcorona%2Fcplex2%2Flz_data%2Flevel_05%2F990309%2Fc2%2F22040557.fts&ffile=%2Fnet%2Fcorona%2Fcplex2%2Flz_data%2Flevel_05%2F990309%2Fc4%2F42101461.fts&ffile=%2Fnet%2Fcorona%2Fcplex2%2Flz_data%2Flevel_05%2F990309%2Fc3%2F32032176.fts&ffile=%2Fnet%2Fcorona%2Fcplex2%2Flz_data%2Flevel_05%2F990309%2Fc4%2F42101462.fts&ffile=%2Fnet%2Fcorona%2Fcplex2%2Flz_data%2Flevel_05%2F990309%2Fc2%2F22040558.fts&ffile=%2Fnet%2Fcorona%2Fcplex2%2Flz_data%2Flevel_05%2F990309%2Fc4%2F42101463.fts&ffile=%2Fnet%2Fcorona%2Fcplex2%2Flz_data%2Flevel_05%2F990309%2Fc4%2F42101464.fts&ffile=%2Fnet%2Fcorona%2Fcplex2%2Flz_data%2Flevel_05%2F990309%2Fc4%2F42101465.fts&ffile=%2Fnet%2Fcorona%2Fcplex2%2Flz_data%2Flevel_05%2F990309%2Fc4%2F42101466.fts&ffile=%2Fnet%2Fcorona%2Fcplex2%2Flz_data%2Flevel_05%2F990309%2Fc4%2F42101467.fts&ffile=%2Fnet%2Fcorona%2Fcplex2%2Flz_data%2Flevel_05%2F990309%2Fc2%2F22040559.fts&ffile=%2Fnet%2Fcorona%2Fcplex2%2Flz_data%2Flevel_05%2F990309%2Fc4%2F42101468.fts&ffile=%2Fnet%2Fcorona%2Fcplex2%2Flz_data%2Flevel_05%2F990309%2Fc3%2F32032177.fts&ffile=%2Fnet%2Fcorona%2Fcplex2%2Flz_data%2Flevel_05%2F990309%2Fc4%2F42101469.fts&ffile=%2Fnet%2Fcorona%2Fcplex2%2Flz_data%2Flevel_05%2F990309%2Fc2%2F22040560.fts&ffile=%2Fnet%2Fcorona%2Fcplex2%2Flz_data%2Flevel_05%2F990309%2Fc4%2F42101470.fts&ffile=%2Fnet%2Fcorona%2Fcplex2%2Flz_data%2Flevel_05%2F990309%2Fc4%2F42101471.fts&ffile=%2Fnet%2Fcorona%2Fcplex2%2Flz_data%2Flevel_05%2F990309%2Fc3%2F32032178.fts&ffile=%2Fnet%2Fcorona%2Fcplex2%2Flz_data%2Flevel_05%2F990309%2Fc4%2F42101472.fts&ffile=%2Fnet%2Fcorona%2Fcplex2%2Flz_data%2Flevel_05%2F990309%2Fc2%2F22040561.fts&ffile=%2Fnet%2Fcorona%2Fcplex2%2Flz_data%2Flevel_05%2F990309%2Fc4%2F42101473.fts&ffile=%2Fnet%2Fcorona%2Fcplex2%2Flz_data%2Flevel_05%2F990309%2Fc3%2F32032179.fts&ffile=%2Fnet%2Fcorona%2Fcplex2%2Flz_data%2Flevel_05%2F990309%2Fc4%2F42101474.fts&ffile=%2Fnet%2Fcorona%2Fcplex2%2Flz_data%2Flevel_05%2F990309%2Fc2%2F22040562.fts&ffile=%2Fnet%2Fcorona%2Fcplex2%2Flz_data%2Flevel_05%2F990309%2Fc4%2F42101475.fts&ffile=%2Fnet%2Fcorona%2Fcplex2%2Flz_data%2Flevel_05%2F990309%2Fc4%2F42101476.fts&ffile=%2Fnet%2Fcorona%2Fcplex2%2Flz_data%2Flevel_05%2F990309%2Fc3%2F32032180.fts&ffile=%2Fnet%2Fcorona%2Fcplex2%2Flz_data%2Flevel_05%2F990309%2Fc4%2F42101477.fts&ffile=%2Fnet%2Fcorona%2Fcplex2%2Flz_data%2Flevel_05%2F990309%2Fc2%2F22040563.fts&ffile=%2Fnet%2Fcorona%2Fcplex2%2Flz_data%2Flevel_05%2F990309%2Fc4%2F42101478.fts&ffile=%2Fnet%2Fcorona%2Fcplex2%2Flz_data%2Flevel_05%2F990309%2Fc3%2F32032181.fts&ffile=%2Fnet%2Fcorona%2Fcplex2%2Flz_data%2Flevel_05%2F990309%2Fc4%2F42101479.fts&ffile=%2Fnet%2Fcorona%2Fcplex2%2Flz_data%2Flevel_05%2F990309%2Fc2%2F22040564.fts&ffile=%2Fnet%2Fcorona%2Fcplex2%2Flz_data%2Flevel_05%2F990309%2Fc4%2F42101480.fts&ffile=%2Fnet%2Fcorona%2Fcplex2%2Flz_data%2Flevel_05%2F990309%2Fc1%2F12124256.fts&ffile=%2Fnet%2Fcorona%2Fcplex2%2Flz_data%2Flevel_05%2F990309%2Fc4%2F42101481.fts&ffile=%2Fnet%2Fcorona%2Fcplex2%2Flz_data%2Flevel_05%2F990309%2Fc3%2F32032182.fts&ffile=%2Fnet%2Fcorona%2Fcplex2%2Flz_data%2Flevel_05%2F990309%2Fc4%2F42101482.fts&ffile=%2Fnet%2Fcorona%2Fcplex2%2Flz_data%2Flevel_05%2F990309%2Fc2%2F22040565.fts&ffile=%2Fnet%2Fcorona%2Fcplex2%2Flz_data%2Flevel_05%2F990309%2Fc4%2F42101483.fts&ffile=%2Fnet%2Fcorona%2Fcplex2%2Flz_data%2Flevel_05%2F990309%2Fc3%2F32032183.fts&ffile=%2Fnet%2Fcorona%2Fcplex2%2Flz_data%2Flevel_05%2F990309%2Fc4%2F42101484.fts&ffile=%2Fnet%2Fcorona%2Fcplex2%2Flz_data%2Flevel_05%2F990309%2Fc2%2F22040566.fts&ffile=%2Fnet%2Fcorona%2Fcplex2%2Flz_data%2Flevel_05%2F990309%2Fc4%2F42101485.fts&ffile=%2Fnet%2Fcorona%2Fcplex2%2Flz_data%2Flevel_05%2F990309%2Fc4%2F42101486.fts&ffile=%2Fnet%2Fcorona%2Fcplex2%2Flz_data%2Flevel_05%2F990309%2Fc3%2F32032184.fts&ffile=%2Fnet%2Fcorona%2Fcplex2%2Flz_data%2Flevel_05%2F990309%2Fc4%2F42101487.fts&ffile=%2Fnet%2Fcorona%2Fcplex2%2Flz_data%2Flevel_05%2F990309%2Fc2%2F22040567.fts&ffile=%2Fnet%2Fcorona%2Fcplex2%2Flz_data%2Flevel_05%2F990309%2Fc4%2F42101488.fts&ffile=%2Fnet%2Fcorona%2Fcplex2%2Flz_data%2Flevel_05%2F990309%2Fc3%2F32032185.fts&ffile=%2Fnet%2Fcorona%2Fcplex2%2Flz_data%2Flevel_05%2F990309%2Fc4%2F42101489.fts&ffile=%2Fnet%2Fcorona%2Fcplex2%2Flz_data%2Flevel_05%2F990309%2Fc2%2F22040568.fts&ffile=%2Fnet%2Fcorona%2Fcplex2%2Flz_data%2Flevel_05%2F990309%2Fc4%2F42101490.fts&ffile=%2Fnet%2Fcorona%2Fcplex2%2Flz_data%2Flevel_05%2F990309%2Fc4%2F42101491.fts&ffile=%2Fnet%2Fcorona%2Fcplex2%2Flz_data%2Flevel_05%2F990309%2Fc3%2F32032186.fts&ffile=%2Fnet%2Fcorona%2Fcplex2%2Flz_data%2Flevel_05%2F990309%2Fc4%2F42101492.fts&ffile=%2Fnet%2Fcorona%2Fcplex2%2Flz_data%2Flevel_05%2F990309%2Fc2%2F22040569.fts&ffile=%2Fnet%2Fcorona%2Fcplex2%2Flz_data%2Flevel_05%2F990309%2Fc4%2F42101493.fts&ffile=%2Fnet%2Fcorona%2Fcplex2%2Flz_data%2Flevel_05%2F990309%2Fc3%2F32032187.fts&ffile=%2Fnet%2Fcorona%2Fcplex2%2Flz_data%2Flevel_05%2F990309%2Fc4%2F42101494.fts&ffile=%2Fnet%2Fcorona%2Fcplex2%2Flz_data%2Flevel_05%2F990309%2Fc2%2F22040570.fts&ffile=%2Fnet%2Fcorona%2Fcplex2%2Flz_data%2Flevel_05%2F990309%2Fc4%2F42101495.fts&ffile=%2Fnet%2Fcorona%2Fcplex2%2Flz_data%2Flevel_05%2F990309%2Fc4%2F42101496.fts&ffile=%2Fnet%2Fcorona%2Fcplex2%2Flz_data%2Flevel_05%2F990309%2Fc4%2F42101497.fts&ffile=%2Fnet%2Fcorona%2Fcplex2%2Flz_data%2Flevel_05%2F990309%2Fc4%2F42101498.fts&ffile=%2Fnet%2Fcorona%2Fcplex2%2Flz_data%2Flevel_05%2F990309%2Fc4%2F42101499.fts&ffile=%2Fnet%2Fcorona%2Fcplex2%2Flz_data%2Flevel_05%2F990309%2Fc2%2F22040571.fts&ffile=%2Fnet%2Fcorona%2Fcplex2%2Flz_data%2Flevel_05%2F990309%2Fc4%2F42101500.fts&ffile=%2Fnet%2Fcorona%2Fcplex2%2Flz_data%2Flevel_05%2F990309%2Fc3%2F32032188.fts&ffile=%2Fnet%2Fcorona%2Fcplex2%2Flz_data%2Flevel_05%2F990309%2Fc4%2F42101501.fts&ffile=%2Fnet%2Fcorona%2Fcplex2%2Flz_data%2Flevel_05%2F990309%2Fc2%2F22040572.fts&ffile=%2Fnet%2Fcorona%2Fcplex2%2Flz_data%2Flevel_05%2F990309%2Fc4%2F42101502.fts&ffile=%2Fnet%2Fcorona%2Fcplex2%2Flz_data%2Flevel_05%2F990309%2Fc4%2F42101503.fts&ffile=%2Fnet%2Fcorona%2Fcplex2%2Flz_data%2Flevel_05%2F990309%2Fc3%2F32032189.fts&ffile=%2Fnet%2Fcorona%2Fcplex2%2Flz_data%2Flevel_05%2F990309%2Fc4%2F42101504.fts&ffile=%2Fnet%2Fcorona%2Fcplex2%2Flz_data%2Flevel_05%2F990309%2Fc2%2F22040573.fts&ffile=%2Fnet%2Fcorona%2Fcplex2%2Flz_data%2Flevel_05%2F990309%2Fc4%2F42101505.fts&ffile=%2Fnet%2Fcorona%2Fcplex2%2Flz_data%2Flevel_05%2F990309%2Fc3%2F32032190.fts&ffile=%2Fnet%2Fcorona%2Fcplex2%2Flz_data%2Flevel_05%2F990309%2Fc4%2F42101506.fts&ffile=%2Fnet%2Fcorona%2Fcplex2%2Flz_data%2Flevel_05%2F990309%2Fc2%2F22040574.fts&ffile=%2Fnet%2Fcorona%2Fcplex2%2Flz_data%2Flevel_05%2F990309%2Fc4%2F42101507.fts&ffile=%2Fnet%2Fcorona%2Fcplex2%2Flz_data%2Flevel_05%2F990309%2Fc4%2F42101508.fts&ffile=%2Fnet%2Fcorona%2Fcplex2%2Flz_data%2Flevel_05%2F990309%2Fc3%2F32032191.fts&ffile=%2Fnet%2Fcorona%2Fcplex2%2Flz_data%2Flevel_05%2F990309%2Fc4%2F42101509.fts&ffile=%2Fnet%2Fcorona%2Fcplex2%2Flz_data%2Flevel_05%2F990309%2Fc2%2F22040575.fts&ffile=%2Fnet%2Fcorona%2Fcplex2%2Flz_data%2Flevel_05%2F990309%2Fc4%2F42101510.fts&ffile=%2Fnet%2Fcorona%2Fcplex2%2Flz_data%2Flevel_05%2F990309%2Fc3%2F32032192.fts&ffile=%2Fnet%2Fcorona%2Fcplex2%2Flz_data%2Flevel_05%2F990309%2Fc4%2F42101511.fts&ffile=%2Fnet%2Fcorona%2Fcplex2%2Flz_data%2Flevel_05%2F990309%2Fc2%2F22040576.fts&ffile=%2Fnet%2Fcorona%2Fcplex2%2Flz_data%2Flevel_05%2F990309%2Fc4%2F42101512.fts&ffile=%2Fnet%2Fcorona%2Fcplex2%2Flz_data%2Flevel_05%2F990309%2Fc1%2F12124257.fts&ffile=%2Fnet%2Fcorona%2Fcplex2%2Flz_data%2Flevel_05%2F990309%2Fc4%2F42101513.fts&ffile=%2Fnet%2Fcorona%2Fcplex2%2Flz_data%2Flevel_05%2F990309%2Fc3%2F32032193.fts&ffile=%2Fnet%2Fcorona%2Fcplex2%2Flz_data%2Flevel_05%2F990309%2Fc4%2F42101514.fts&ffile=%2Fnet%2Fcorona%2Fcplex2%2Flz_data%2Flevel_05%2F990309%2Fc2%2F22040577.fts&ffile=%2Fnet%2Fcorona%2Fcplex2%2Flz_data%2Flevel_05%2F990309%2Fc4%2F42101515.fts

Tue Jul 29 15:30:22 EDT 2003
level=10&outsize=512&outtype=AGIFL&maximum=%2B0.0&minimum=%2B0.0&comments=&colortable=BW&imgtype=norm&ffile=%2Fnet%2Fcorona%2Fcplex2%2Flz_data%2Flevel_05%2F990309%2Fc4%2F42101458.fts&ffile=%2Fnet%2Fcorona%2Fcplex2%2Flz_data%2Flevel_05%2F990309%2Fc4%2F42101459.fts&ffile=%2Fnet%2Fcorona%2Fcplex2%2Flz_data%2Flevel_05%2F990309%2Fc4%2F42101460.fts&ffile=%2Fnet%2Fcorona%2Fcplex2%2Flz_data%2Flevel_05%2F990309%2Fc4%2F42101461.fts&ffile=%2Fnet%2Fcorona%2Fcplex2%2Flz_data%2Flevel_05%2F990309%2Fc4%2F42101462.fts&ffile=%2Fnet%2Fcorona%2Fcplex2%2Flz_data%2Flevel_05%2F990309%2Fc4%2F42101463.fts&ffile=%2Fnet%2Fcorona%2Fcplex2%2Flz_data%2Flevel_05%2F990309%2Fc4%2F42101464.fts&ffile=%2Fnet%2Fcorona%2Fcplex2%2Flz_data%2Flevel_05%2F990309%2Fc4%2F42101465.fts&ffile=%2Fnet%2Fcorona%2Fcplex2%2Flz_data%2Flevel_05%2F990309%2Fc4%2F42101466.fts&ffile=%2Fnet%2Fcorona%2Fcplex2%2Flz_data%2Flevel_05%2F990309%2Fc4%2F42101467.fts

Wed Jul 30 10:17:42 EDT 2003
level=10&outsize=512&outtype=AGIFL&maximum=%2B0.0&minimum=%2B0.0&comments=&colortable=BW&imgtype=norm&ffile=%2Fnet%2Fcorona%2Fcplex2%2Flz_data%2Flevel_05%2F990309%2Fc4%2F42101459.fts&ffile=%2Fnet%2Fcorona%2Fcplex2%2Flz_data%2Flevel_05%2F990309%2Fc4%2F42101460.fts&ffile=%2Fnet%2Fcorona%2Fcplex2%2Flz_data%2Flevel_05%2F990309%2Fc4%2F42101461.fts&ffile=%2Fnet%2Fcorona%2Fcplex2%2Flz_data%2Flevel_05%2F990309%2Fc4%2F42101462.fts

Wed Jul 30 10:19:19 EDT 2003
level=10&outsize=512&outtype=AGIFL&maximum=%2B0.0&minimum=%2B0.0&comments=&colortable=BW&imgtype=norm&ffile=%2Fnet%2Fcorona%2Fcplex2%2Flz_data%2Flevel_05%2F990309%2Fc4%2F42101459.fts&ffile=%2Fnet%2Fcorona%2Fcplex2%2Flz_data%2Flevel_05%2F990309%2Fc4%2F42101460.fts&ffile=%2Fnet%2Fcorona%2Fcplex2%2Flz_data%2Flevel_05%2F990309%2Fc4%2F42101461.fts&ffile=%2Fnet%2Fcorona%2Fcplex2%2Flz_data%2Flevel_05%2F990309%2Fc4%2F42101462.fts

Wed Jul 30 10:20:06 EDT 2003
level=10&outsize=512&outtype=AGIFL&maximum=%2B0.0&minimum=%2B0.0&comments=&colortable=BW&imgtype=norm&ffile=%2Fnet%2Fcorona%2Fcplex2%2Flz_data%2Flevel_05%2F990309%2Fc4%2F42101459.fts&ffile=%2Fnet%2Fcorona%2Fcplex2%2Flz_data%2Flevel_05%2F990309%2Fc4%2F42101460.fts&ffile=%2Fnet%2Fcorona%2Fcplex2%2Flz_data%2Flevel_05%2F990309%2Fc4%2F42101461.fts&ffile=%2Fnet%2Fcorona%2Fcplex2%2Flz_data%2Flevel_05%2F990309%2Fc4%2F42101462.fts

Wed Jul 30 10:27:53 EDT 2003
level=10&outsize=512&outtype=AGIFL&maximum=%2B0.0&minimum=%2B0.0&comments=&colortable=BW&imgtype=norm&ffile=%2Fnet%2Fcorona%2Fcplex2%2Flz_data%2Flevel_05%2F990309%2Fc4%2F42101459.fts&ffile=%2Fnet%2Fcorona%2Fcplex2%2Flz_data%2Flevel_05%2F990309%2Fc4%2F42101460.fts&ffile=%2Fnet%2Fcorona%2Fcplex2%2Flz_data%2Flevel_05%2F990309%2Fc4%2F42101461.fts&ffile=%2Fnet%2Fcorona%2Fcplex2%2Flz_data%2Flevel_05%2F990309%2Fc4%2F42101462.fts

Wed Jul 30 10:32:35 EDT 2003
level=10&outsize=512&outtype=AGIFL&maximum=%2B0.0&minimum=%2B0.0&comments=&colortable=BW&imgtype=norm&ffile=%2Fnet%2Fcorona%2Fcplex2%2Flz_data%2Flevel_05%2F990309%2Fc4%2F42101459.fts&ffile=%2Fnet%2Fcorona%2Fcplex2%2Flz_data%2Flevel_05%2F990309%2Fc4%2F42101460.fts&ffile=%2Fnet%2Fcorona%2Fcplex2%2Flz_data%2Flevel_05%2F990309%2Fc4%2F42101461.fts&ffile=%2Fnet%2Fcorona%2Fcplex2%2Flz_data%2Flevel_05%2F990309%2Fc4%2F42101462.fts

Wed Jul 30 10:32:51 EDT 2003
level=10&outsize=512&outtype=AGIFL&maximum=%2B0.0&minimum=%2B0.0&comments=&colortable=BW&imgtype=norm&ffile=%2Fnet%2Fcorona%2Fcplex2%2Flz_data%2Flevel_05%2F990309%2Fc4%2F42101459.fts&ffile=%2Fnet%2Fcorona%2Fcplex2%2Flz_data%2Flevel_05%2F990309%2Fc4%2F42101460.fts&ffile=%2Fnet%2Fcorona%2Fcplex2%2Flz_data%2Flevel_05%2F990309%2Fc4%2F42101461.fts&ffile=%2Fnet%2Fcorona%2Fcplex2%2Flz_data%2Flevel_05%2F990309%2Fc4%2F42101462.fts

Wed Jul 30 10:36:34 EDT 2003
level=10&outsize=512&outtype=AGIFL&maximum=%2B0.0&minimum=%2B0.0&comments=&colortable=BW&imgtype=norm&ffile=%2Fnet%2Fcorona%2Fcplex2%2Flz_data%2Flevel_05%2F990309%2Fc4%2F42101459.fts&ffile=%2Fnet%2Fcorona%2Fcplex2%2Flz_data%2Flevel_05%2F990309%2Fc4%2F42101460.fts&ffile=%2Fnet%2Fcorona%2Fcplex2%2Flz_data%2Flevel_05%2F990309%2Fc4%2F42101461.fts&ffile=%2Fnet%2Fcorona%2Fcplex2%2Flz_data%2Flevel_05%2F990309%2Fc4%2F42101462.fts

Wed Jul 30 10:37:47 EDT 2003
level=10&outsize=512&outtype=AGIFL&maximum=%2B0.0&minimum=%2B0.0&comments=&colortable=BW&imgtype=norm&ffile=%2Fnet%2Fcorona%2Fcplex2%2Flz_data%2Flevel_05%2F990309%2Fc4%2F42101459.fts&ffile=%2Fnet%2Fcorona%2Fcplex2%2Flz_data%2Flevel_05%2F990309%2Fc4%2F42101460.fts&ffile=%2Fnet%2Fcorona%2Fcplex2%2Flz_data%2Flevel_05%2F990309%2Fc4%2F42101461.fts&ffile=%2Fnet%2Fcorona%2Fcplex2%2Flz_data%2Flevel_05%2F990309%2Fc4%2F42101462.fts

Wed Jul 30 10:39:26 EDT 2003
level=10&outsize=512&outtype=AGIFL&maximum=-0.5&minimum=%2B0.0&comments=&colortable=BW&imgtype=norm&ffile=%2Fnet%2Fcorona%2Fcplex2%2Flz_data%2Flevel_05%2F990309%2Fc4%2F42101459.fts&ffile=%2Fnet%2Fcorona%2Fcplex2%2Flz_data%2Flevel_05%2F990309%2Fc4%2F42101460.fts&ffile=%2Fnet%2Fcorona%2Fcplex2%2Flz_data%2Flevel_05%2F990309%2Fc4%2F42101461.fts&ffile=%2Fnet%2Fcorona%2Fcplex2%2Flz_data%2Flevel_05%2F990309%2Fc4%2F42101462.fts

Wed Jul 30 11:07:03 EDT 2003
level=10&outsize=512&outtype=AGIFL&maximum=%2B0.0&minimum=%2B0.0&comments=&colortable=BW&imgtype=norm&ffile=%2Fnet%2Fcorona%2Fcplex2%2Flz_data%2Flevel_05%2F990309%2Fc4%2F42101459.fts&ffile=%2Fnet%2Fcorona%2Fcplex2%2Flz_data%2Flevel_05%2F990309%2Fc4%2F42101460.fts&ffile=%2Fnet%2Fcorona%2Fcplex2%2Flz_data%2Flevel_05%2F990309%2Fc4%2F42101461.fts&ffile=%2Fnet%2Fcorona%2Fcplex2%2Flz_data%2Flevel_05%2F990309%2Fc4%2F42101462.fts

Wed Jul 30 11:09:57 EDT 2003
level=10&outsize=512&outtype=AGIFL&maximum=%2B0.0&minimum=%2B0.0&comments=&colortable=BW&imgtype=norm&ffile=%2Fnet%2Fcorona%2Fcplex2%2Flz_data%2Flevel_05%2F990309%2Fc4%2F42101459.fts&ffile=%2Fnet%2Fcorona%2Fcplex2%2Flz_data%2Flevel_05%2F990309%2Fc4%2F42101460.fts&ffile=%2Fnet%2Fcorona%2Fcplex2%2Flz_data%2Flevel_05%2F990309%2Fc4%2F42101461.fts&ffile=%2Fnet%2Fcorona%2Fcplex2%2Flz_data%2Flevel_05%2F990309%2Fc4%2F42101462.fts

Wed Jul 30 11:10:30 EDT 2003
level=10&outsize=512&outtype=AGIFL&maximum=%2B0.0&minimum=%2B0.0&comments=&colortable=BW&imgtype=norm&ffile=%2Fnet%2Fcorona%2Fcplex2%2Flz_data%2Flevel_05%2F990309%2Fc4%2F42101459.fts&ffile=%2Fnet%2Fcorona%2Fcplex2%2Flz_data%2Flevel_05%2F990309%2Fc4%2F42101460.fts&ffile=%2Fnet%2Fcorona%2Fcplex2%2Flz_data%2Flevel_05%2F990309%2Fc4%2F42101461.fts&ffile=%2Fnet%2Fcorona%2Fcplex2%2Flz_data%2Flevel_05%2F990309%2Fc4%2F42101462.fts

Wed Jul 30 11:13:32 EDT 2003
level=10&outsize=512&outtype=AGIFL&maximum=%2B0.0&minimum=%2B0.0&comments=&colortable=BW&imgtype=norm&ffile=%2Fnet%2Fcorona%2Fcplex2%2Flz_data%2Flevel_05%2F990309%2Fc4%2F42101459.fts&ffile=%2Fnet%2Fcorona%2Fcplex2%2Flz_data%2Flevel_05%2F990309%2Fc4%2F42101460.fts&ffile=%2Fnet%2Fcorona%2Fcplex2%2Flz_data%2Flevel_05%2F990309%2Fc4%2F42101461.fts&ffile=%2Fnet%2Fcorona%2Fcplex2%2Flz_data%2Flevel_05%2F990309%2Fc4%2F42101462.fts

Wed Jul 30 11:14:13 EDT 2003
level=10&outsize=512&outtype=AGIFL&maximum=%2B0.0&minimum=%2B0.0&comments=&colortable=BW&imgtype=norm&ffile=%2Fnet%2Fcorona%2Fcplex2%2Flz_data%2Flevel_05%2F990309%2Fc4%2F42101459.fts&ffile=%2Fnet%2Fcorona%2Fcplex2%2Flz_data%2Flevel_05%2F990309%2Fc4%2F42101460.fts&ffile=%2Fnet%2Fcorona%2Fcplex2%2Flz_data%2Flevel_05%2F990309%2Fc4%2F42101461.fts&ffile=%2Fnet%2Fcorona%2Fcplex2%2Flz_data%2Flevel_05%2F990309%2Fc4%2F42101462.fts

Wed Jul 30 11:14:25 EDT 2003
level=10&outsize=512&outtype=AGIFL&maximum=%2B0.0&minimum=%2B0.0&comments=&colortable=BW&imgtype=norm&ffile=%2Fnet%2Fcorona%2Fcplex2%2Flz_data%2Flevel_05%2F990309%2Fc4%2F42101459.fts&ffile=%2Fnet%2Fcorona%2Fcplex2%2Flz_data%2Flevel_05%2F990309%2Fc4%2F42101460.fts&ffile=%2Fnet%2Fcorona%2Fcplex2%2Flz_data%2Flevel_05%2F990309%2Fc4%2F42101461.fts&ffile=%2Fnet%2Fcorona%2Fcplex2%2Flz_data%2Flevel_05%2F990309%2Fc4%2F42101462.fts

Wed Jul 30 11:14:53 EDT 2003
level=10&outsize=512&outtype=AGIFL&maximum=%2B0.0&minimum=%2B0.0&comments=&colortable=BW&imgtype=norm&ffile=%2Fnet%2Fcorona%2Fcplex2%2Flz_data%2Flevel_05%2F990309%2Fc4%2F42101459.fts&ffile=%2Fnet%2Fcorona%2Fcplex2%2Flz_data%2Flevel_05%2F990309%2Fc4%2F42101460.fts&ffile=%2Fnet%2Fcorona%2Fcplex2%2Flz_data%2Flevel_05%2F990309%2Fc4%2F42101461.fts&ffile=%2Fnet%2Fcorona%2Fcplex2%2Flz_data%2Flevel_05%2F990309%2Fc4%2F42101462.fts

Wed Jul 30 11:15:50 EDT 2003
level=10&outsize=512&outtype=AGIFL&maximum=%2B0.0&minimum=%2B0.0&comments=&colortable=BW&imgtype=norm&ffile=%2Fnet%2Fcorona%2Fcplex2%2Flz_data%2Flevel_05%2F990309%2Fc4%2F42101459.fts&ffile=%2Fnet%2Fcorona%2Fcplex2%2Flz_data%2Flevel_05%2F990309%2Fc4%2F42101460.fts&ffile=%2Fnet%2Fcorona%2Fcplex2%2Flz_data%2Flevel_05%2F990309%2Fc4%2F42101461.fts&ffile=%2Fnet%2Fcorona%2Fcplex2%2Flz_data%2Flevel_05%2F990309%2Fc4%2F42101462.fts

Wed Jul 30 11:17:07 EDT 2003
level=10&outsize=512&outtype=AGIFL&maximum=%2B0.0&minimum=%2B0.0&comments=&colortable=BW&imgtype=norm&ffile=%2Fnet%2Fcorona%2Fcplex2%2Flz_data%2Flevel_05%2F990309%2Fc4%2F42101459.fts&ffile=%2Fnet%2Fcorona%2Fcplex2%2Flz_data%2Flevel_05%2F990309%2Fc4%2F42101460.fts&ffile=%2Fnet%2Fcorona%2Fcplex2%2Flz_data%2Flevel_05%2F990309%2Fc4%2F42101461.fts&ffile=%2Fnet%2Fcorona%2Fcplex2%2Flz_data%2Flevel_05%2F990309%2Fc4%2F42101462.fts

Wed Jul 30 12:28:09 EDT 2003
level=10&outsize=512&outtype=JS&maximum=%2B0.0&minimum=%2B0.0&comments=&colortable=BW&imgtype=norm&ffile=%2Fnet%2Fcorona%2Fcplex2%2Flz_data%2Flevel_05%2F990303%2Fc4%2F42100564.fts&ffile=%2Fnet%2Fcorona%2Fcplex2%2Flz_data%2Flevel_05%2F990303%2Fc4%2F42100574.fts&ffile=%2Fnet%2Fcorona%2Fcplex2%2Flz_data%2Flevel_05%2F990303%2Fc4%2F42100575.fts&ffile=%2Fnet%2Fcorona%2Fcplex2%2Flz_data%2Flevel_05%2F990303%2Fc4%2F42100580.fts&ffile=%2Fnet%2Fcorona%2Fcplex2%2Flz_data%2Flevel_05%2F990303%2Fc4%2F42100581.fts&ffile=%2Fnet%2Fcorona%2Fcplex2%2Flz_data%2Flevel_05%2F990303%2Fc4%2F42100590.fts

Wed Jul 30 12:54:39 EDT 2003
level=10&outsize=512&outtype=JS&maximum=%2B0.0&minimum=%2B0.0&comments=test&colortable=BW&imgtype=norm&ffile=%2Fnet%2Fcorona%2Fcplex2%2Flz_data%2Flevel_05%2F990303%2Fc4%2F42100564.fts&ffile=%2Fnet%2Fcorona%2Fcplex2%2Flz_data%2Flevel_05%2F990303%2Fc4%2F42100574.fts&ffile=%2Fnet%2Fcorona%2Fcplex2%2Flz_data%2Flevel_05%2F990303%2Fc4%2F42100575.fts&ffile=%2Fnet%2Fcorona%2Fcplex2%2Flz_data%2Flevel_05%2F990303%2Fc4%2F42100580.fts&ffile=%2Fnet%2Fcorona%2Fcplex2%2Flz_data%2Flevel_05%2F990303%2Fc4%2F42100581.fts&ffile=%2Fnet%2Fcorona%2Fcplex2%2Flz_data%2Flevel_05%2F990303%2Fc4%2F42100590.fts

Thu Jul 31 13:13:37 EDT 2003
level=10&outsize=512&outtype=JS&maximum=%2B0.0&minimum=%2B0.0&comments=&colortable=BW&imgtype=norm&ffile=%2Fnet%2Fcorona%2Fql%2Flevel_05%2F030728%2Fc3%2F31105919.fts&ffile=%2Fnet%2Fcorona%2Fql%2Flevel_05%2F030728%2Fc3%2F31105920.fts&ffile=%2Fnet%2Fcorona%2Fql%2Flevel_05%2F030728%2Fc3%2F31105921.fts&ffile=%2Fnet%2Fcorona%2Fql%2Flevel_05%2F030728%2Fc3%2F31105922.fts&ffile=%2Fnet%2Fcorona%2Fql%2Flevel_05%2F030728%2Fc3%2F31105923.fts&ffile=%2Fnet%2Fcorona%2Fql%2Flevel_05%2F030728%2Fc3%2F31105924.fts&ffile=%2Fnet%2Fcorona%2Fql%2Flevel_05%2F030728%2Fc3%2F31105925.fts&ffile=%2Fnet%2Fcorona%2Fql%2Flevel_05%2F030728%2Fc3%2F31105926.fts&ffile=%2Fnet%2Fcorona%2Fql%2Flevel_05%2F030728%2Fc3%2F31105927.fts&ffile=%2Fnet%2Fcorona%2Fql%2Flevel_05%2F030728%2Fc3%2F31105928.fts

Thu Jul 31 13:16:25 EDT 2003
level=10&outsize=512&outtype=JS&maximum=%2B0.0&minimum=%2B0.0&comments=&colortable=BW&imgtype=norm&ffile=%2Fnet%2Fcorona%2Fql%2Flevel_05%2F030728%2Fc3%2F31105919.fts&ffile=%2Fnet%2Fcorona%2Fql%2Flevel_05%2F030728%2Fc3%2F31105920.fts&ffile=%2Fnet%2Fcorona%2Fql%2Flevel_05%2F030728%2Fc3%2F31105921.fts&ffile=%2Fnet%2Fcorona%2Fql%2Flevel_05%2F030728%2Fc3%2F31105922.fts&ffile=%2Fnet%2Fcorona%2Fql%2Flevel_05%2F030728%2Fc3%2F31105923.fts&ffile=%2Fnet%2Fcorona%2Fql%2Flevel_05%2F030728%2Fc3%2F31105924.fts&ffile=%2Fnet%2Fcorona%2Fql%2Flevel_05%2F030728%2Fc3%2F31105925.fts&ffile=%2Fnet%2Fcorona%2Fql%2Flevel_05%2F030728%2Fc3%2F31105926.fts&ffile=%2Fnet%2Fcorona%2Fql%2Flevel_05%2F030728%2Fc3%2F31105927.fts&ffile=%2Fnet%2Fcorona%2Fql%2Flevel_05%2F030728%2Fc3%2F31105928.fts

Thu Jul 31 13:17:10 EDT 2003
level=10&outsize=512&outtype=JS&maximum=%2B0.0&minimum=%2B0.0&comments=&colortable=BW&imgtype=norm&ffile=%2Fnet%2Fcorona%2Fql%2Flevel_05%2F030728%2Fc3%2F31105919.fts&ffile=%2Fnet%2Fcorona%2Fql%2Flevel_05%2F030728%2Fc3%2F31105920.fts&ffile=%2Fnet%2Fcorona%2Fql%2Flevel_05%2F030728%2Fc3%2F31105921.fts&ffile=%2Fnet%2Fcorona%2Fql%2Flevel_05%2F030728%2Fc3%2F31105922.fts&ffile=%2Fnet%2Fcorona%2Fql%2Flevel_05%2F030728%2Fc3%2F31105923.fts&ffile=%2Fnet%2Fcorona%2Fql%2Flevel_05%2F030728%2Fc3%2F31105924.fts&ffile=%2Fnet%2Fcorona%2Fql%2Flevel_05%2F030728%2Fc3%2F31105925.fts&ffile=%2Fnet%2Fcorona%2Fql%2Flevel_05%2F030728%2Fc3%2F31105926.fts&ffile=%2Fnet%2Fcorona%2Fql%2Flevel_05%2F030728%2Fc3%2F31105927.fts&ffile=%2Fnet%2Fcorona%2Fql%2Flevel_05%2F030728%2Fc3%2F31105928.fts

Thu Jul 31 14:10:05 EDT 2003
level=10&outsize=512&outtype=JS&maximum=%2B0.0&minimum=%2B0.0&comments=&colortable=BW&imgtype=norm&ffile=%2Fnet%2Fcorona%2Fql%2Flevel_05%2F030728%2Fc3%2F31105919.fts&ffile=%2Fnet%2Fcorona%2Fql%2Flevel_05%2F030728%2Fc3%2F31105920.fts&ffile=%2Fnet%2Fcorona%2Fql%2Flevel_05%2F030728%2Fc3%2F31105921.fts&ffile=%2Fnet%2Fcorona%2Fql%2Flevel_05%2F030728%2Fc3%2F31105922.fts&ffile=%2Fnet%2Fcorona%2Fql%2Flevel_05%2F030728%2Fc3%2F31105923.fts&ffile=%2Fnet%2Fcorona%2Fql%2Flevel_05%2F030728%2Fc3%2F31105924.fts&ffile=%2Fnet%2Fcorona%2Fql%2Flevel_05%2F030728%2Fc3%2F31105925.fts&ffile=%2Fnet%2Fcorona%2Fql%2Flevel_05%2F030728%2Fc3%2F31105926.fts&ffile=%2Fnet%2Fcorona%2Fql%2Flevel_05%2F030728%2Fc3%2F31105927.fts&ffile=%2Fnet%2Fcorona%2Fql%2Flevel_05%2F030728%2Fc3%2F31105928.fts

Tue Aug  5 14:07:19 EDT 2003
level=10&outsize=512&outtype=JS&maximum=%2B0.0&minimum=%2B0.0&comments=&colortable=BW&imgtype=norm&ffile=%2Fnet%2Fcorona%2Fcplex2%2Flz_data%2Flevel_05%2F000101%2Fc2%2F22058870.fts&ffile=%2Fnet%2Fcorona%2Fcplex2%2Flz_data%2Flevel_05%2F000101%2Fc2%2F22058871.fts&ffile=%2Fnet%2Fcorona%2Fcplex2%2Flz_data%2Flevel_05%2F000101%2Fc2%2F22058872.fts

Tue Aug  5 14:15:32 EDT 2003
level=10&outsize=512&outtype=JS&maximum=%2B0.0&minimum=%2B0.0&comments=&colortable=BW&imgtype=norm&ffile=%2Fnet%2Fcorona%2Fcplex2%2Flz_data%2Flevel_05%2F000101%2Fc3%2F32045848.fts

Tue Aug  5 14:18:59 EDT 2003
level=10&outsize=512&outtype=JS&maximum=%2B0.0&minimum=%2B0.0&comments=&colortable=BW&imgtype=norm&ffile=%2Fnet%2Fcorona%2Fql%2Flevel_05%2F030728%2Fc3%2F31105919.fts&ffile=%2Fnet%2Fcorona%2Fql%2Flevel_05%2F030728%2Fc3%2F31105920.fts&ffile=%2Fnet%2Fcorona%2Fql%2Flevel_05%2F030728%2Fc3%2F31105921.fts&ffile=%2Fnet%2Fcorona%2Fql%2Flevel_05%2F030728%2Fc3%2F31105922.fts&ffile=%2Fnet%2Fcorona%2Fql%2Flevel_05%2F030728%2Fc3%2F31105923.fts&ffile=%2Fnet%2Fcorona%2Fql%2Flevel_05%2F030728%2Fc3%2F31105924.fts&ffile=%2Fnet%2Fcorona%2Fql%2Flevel_05%2F030728%2Fc3%2F31105925.fts&ffile=%2Fnet%2Fcorona%2Fql%2Flevel_05%2F030728%2Fc3%2F31105926.fts&ffile=%2Fnet%2Fcorona%2Fql%2Flevel_05%2F030728%2Fc3%2F31105927.fts&ffile=%2Fnet%2Fcorona%2Fql%2Flevel_05%2F030728%2Fc3%2F31105928.fts

Tue Aug  5 14:20:07 EDT 2003
level=10&outsize=512&outtype=JS&maximum=%2B0.0&minimum=%2B0.0&comments=&colortable=BW&imgtype=norm&ffile=%2Fnet%2Fcorona%2Fql%2Flevel_05%2F030728%2Fc3%2F31105919.fts&ffile=%2Fnet%2Fcorona%2Fql%2Flevel_05%2F030728%2Fc3%2F31105920.fts&ffile=%2Fnet%2Fcorona%2Fql%2Flevel_05%2F030728%2Fc3%2F31105921.fts&ffile=%2Fnet%2Fcorona%2Fql%2Flevel_05%2F030728%2Fc3%2F31105922.fts&ffile=%2Fnet%2Fcorona%2Fql%2Flevel_05%2F030728%2Fc3%2F31105923.fts&ffile=%2Fnet%2Fcorona%2Fql%2Flevel_05%2F030728%2Fc3%2F31105924.fts&ffile=%2Fnet%2Fcorona%2Fql%2Flevel_05%2F030728%2Fc3%2F31105925.fts&ffile=%2Fnet%2Fcorona%2Fql%2Flevel_05%2F030728%2Fc3%2F31105926.fts&ffile=%2Fnet%2Fcorona%2Fql%2Flevel_05%2F030728%2Fc3%2F31105927.fts&ffile=%2Fnet%2Fcorona%2Fql%2Flevel_05%2F030728%2Fc3%2F31105928.fts

Tue Aug  5 14:21:47 EDT 2003
level=10&outsize=512&outtype=JS&maximum=%2B0.0&minimum=%2B0.0&comments=&colortable=BW&imgtype=norm&ffile=%2Fnet%2Fcorona%2Fql%2Flevel_05%2F030728%2Fc3%2F31105919.fts&ffile=%2Fnet%2Fcorona%2Fql%2Flevel_05%2F030728%2Fc3%2F31105920.fts&ffile=%2Fnet%2Fcorona%2Fql%2Flevel_05%2F030728%2Fc3%2F31105921.fts&ffile=%2Fnet%2Fcorona%2Fql%2Flevel_05%2F030728%2Fc3%2F31105922.fts&ffile=%2Fnet%2Fcorona%2Fql%2Flevel_05%2F030728%2Fc3%2F31105923.fts&ffile=%2Fnet%2Fcorona%2Fql%2Flevel_05%2F030728%2Fc3%2F31105924.fts&ffile=%2Fnet%2Fcorona%2Fql%2Flevel_05%2F030728%2Fc3%2F31105925.fts&ffile=%2Fnet%2Fcorona%2Fql%2Flevel_05%2F030728%2Fc3%2F31105926.fts&ffile=%2Fnet%2Fcorona%2Fql%2Flevel_05%2F030728%2Fc3%2F31105927.fts&ffile=%2Fnet%2Fcorona%2Fql%2Flevel_05%2F030728%2Fc3%2F31105928.fts

Tue Aug  5 14:22:57 EDT 2003
level=10&outsize=512&outtype=JS&maximum=%2B0.0&minimum=%2B0.0&comments=&colortable=BW&imgtype=norm&ffile=%2Fnet%2Fcorona%2Fql%2Flevel_05%2F030728%2Fc3%2F31105919.fts&ffile=%2Fnet%2Fcorona%2Fql%2Flevel_05%2F030728%2Fc3%2F31105920.fts&ffile=%2Fnet%2Fcorona%2Fql%2Flevel_05%2F030728%2Fc3%2F31105921.fts&ffile=%2Fnet%2Fcorona%2Fql%2Flevel_05%2F030728%2Fc3%2F31105922.fts&ffile=%2Fnet%2Fcorona%2Fql%2Flevel_05%2F030728%2Fc3%2F31105923.fts&ffile=%2Fnet%2Fcorona%2Fql%2Flevel_05%2F030728%2Fc3%2F31105924.fts&ffile=%2Fnet%2Fcorona%2Fql%2Flevel_05%2F030728%2Fc3%2F31105925.fts&ffile=%2Fnet%2Fcorona%2Fql%2Flevel_05%2F030728%2Fc3%2F31105926.fts&ffile=%2Fnet%2Fcorona%2Fql%2Flevel_05%2F030728%2Fc3%2F31105927.fts&ffile=%2Fnet%2Fcorona%2Fql%2Flevel_05%2F030728%2Fc3%2F31105928.fts

Tue Aug  5 14:26:18 EDT 2003
level=10&outsize=512&outtype=JS&maximum=%2B0.0&minimum=%2B0.0&comments=&colortable=BW&imgtype=norm&ffile=%2Fnet%2Fcorona%2Fql%2Flevel_05%2F030728%2Fc3%2F31105919.fts&ffile=%2Fnet%2Fcorona%2Fql%2Flevel_05%2F030728%2Fc3%2F31105920.fts&ffile=%2Fnet%2Fcorona%2Fql%2Flevel_05%2F030728%2Fc3%2F31105921.fts&ffile=%2Fnet%2Fcorona%2Fql%2Flevel_05%2F030728%2Fc3%2F31105922.fts&ffile=%2Fnet%2Fcorona%2Fql%2Flevel_05%2F030728%2Fc3%2F31105923.fts&ffile=%2Fnet%2Fcorona%2Fql%2Flevel_05%2F030728%2Fc3%2F31105924.fts&ffile=%2Fnet%2Fcorona%2Fql%2Flevel_05%2F030728%2Fc3%2F31105925.fts&ffile=%2Fnet%2Fcorona%2Fql%2Flevel_05%2F030728%2Fc3%2F31105926.fts&ffile=%2Fnet%2Fcorona%2Fql%2Flevel_05%2F030728%2Fc3%2F31105927.fts&ffile=%2Fnet%2Fcorona%2Fql%2Flevel_05%2F030728%2Fc3%2F31105928.fts

Tue Aug  5 14:26:38 EDT 2003
level=10&outsize=512&outtype=JS&maximum=%2B0.0&minimum=%2B0.0&comments=&colortable=BW&imgtype=norm&ffile=%2Fnet%2Fcorona%2Fql%2Flevel_05%2F030728%2Fc3%2F31105919.fts&ffile=%2Fnet%2Fcorona%2Fql%2Flevel_05%2F030728%2Fc3%2F31105920.fts&ffile=%2Fnet%2Fcorona%2Fql%2Flevel_05%2F030728%2Fc3%2F31105921.fts&ffile=%2Fnet%2Fcorona%2Fql%2Flevel_05%2F030728%2Fc3%2F31105922.fts&ffile=%2Fnet%2Fcorona%2Fql%2Flevel_05%2F030728%2Fc3%2F31105923.fts&ffile=%2Fnet%2Fcorona%2Fql%2Flevel_05%2F030728%2Fc3%2F31105924.fts&ffile=%2Fnet%2Fcorona%2Fql%2Flevel_05%2F030728%2Fc3%2F31105925.fts&ffile=%2Fnet%2Fcorona%2Fql%2Flevel_05%2F030728%2Fc3%2F31105926.fts&ffile=%2Fnet%2Fcorona%2Fql%2Flevel_05%2F030728%2Fc3%2F31105927.fts&ffile=%2Fnet%2Fcorona%2Fql%2Flevel_05%2F030728%2Fc3%2F31105928.fts

Tue Aug  5 14:28:33 EDT 2003
level=10&outsize=512&outtype=JS&maximum=%2B0.0&minimum=%2B0.0&comments=&colortable=BW&imgtype=norm&ffile=%2Fnet%2Fcorona%2Fql%2Flevel_05%2F030728%2Fc3%2F31105919.fts&ffile=%2Fnet%2Fcorona%2Fql%2Flevel_05%2F030728%2Fc3%2F31105920.fts&ffile=%2Fnet%2Fcorona%2Fql%2Flevel_05%2F030728%2Fc3%2F31105921.fts&ffile=%2Fnet%2Fcorona%2Fql%2Flevel_05%2F030728%2Fc3%2F31105922.fts&ffile=%2Fnet%2Fcorona%2Fql%2Flevel_05%2F030728%2Fc3%2F31105923.fts&ffile=%2Fnet%2Fcorona%2Fql%2Flevel_05%2F030728%2Fc3%2F31105924.fts&ffile=%2Fnet%2Fcorona%2Fql%2Flevel_05%2F030728%2Fc3%2F31105925.fts&ffile=%2Fnet%2Fcorona%2Fql%2Flevel_05%2F030728%2Fc3%2F31105926.fts&ffile=%2Fnet%2Fcorona%2Fql%2Flevel_05%2F030728%2Fc3%2F31105927.fts&ffile=%2Fnet%2Fcorona%2Fql%2Flevel_05%2F030728%2Fc3%2F31105928.fts

Tue Aug  5 14:28:59 EDT 2003
level=10&outsize=512&outtype=JS&maximum=%2B0.0&minimum=%2B0.0&comments=&colortable=BW&imgtype=norm&ffile=%2Fnet%2Fcorona%2Fql%2Flevel_05%2F030728%2Fc3%2F31105919.fts&ffile=%2Fnet%2Fcorona%2Fql%2Flevel_05%2F030728%2Fc3%2F31105920.fts&ffile=%2Fnet%2Fcorona%2Fql%2Flevel_05%2F030728%2Fc3%2F31105921.fts&ffile=%2Fnet%2Fcorona%2Fql%2Flevel_05%2F030728%2Fc3%2F31105922.fts&ffile=%2Fnet%2Fcorona%2Fql%2Flevel_05%2F030728%2Fc3%2F31105923.fts&ffile=%2Fnet%2Fcorona%2Fql%2Flevel_05%2F030728%2Fc3%2F31105924.fts&ffile=%2Fnet%2Fcorona%2Fql%2Flevel_05%2F030728%2Fc3%2F31105925.fts&ffile=%2Fnet%2Fcorona%2Fql%2Flevel_05%2F030728%2Fc3%2F31105926.fts&ffile=%2Fnet%2Fcorona%2Fql%2Flevel_05%2F030728%2Fc3%2F31105927.fts&ffile=%2Fnet%2Fcorona%2Fql%2Flevel_05%2F030728%2Fc3%2F31105928.fts

Tue Aug  5 14:31:38 EDT 2003
level=10&outsize=512&outtype=JS&maximum=%2B0.0&minimum=%2B0.0&comments=&colortable=BW&imgtype=norm&ffile=%2Fnet%2Fcentaur%2Flz%2Flevel_05%2F010101%2Fc3%2F32063186.fts&ffile=%2Fnet%2Fcentaur%2Flz%2Flevel_05%2F010101%2Fc3%2F32063187.fts&ffile=%2Fnet%2Fcentaur%2Flz%2Flevel_05%2F010101%2Fc3%2F32063188.fts

Tue Aug  5 14:32:59 EDT 2003
level=10&outsize=512&outtype=JS&maximum=%2B0.0&minimum=%2B0.0&comments=&colortable=BW&imgtype=norm&ffile=%2Fnet%2Fcentaur%2Flz%2Flevel_05%2F010101%2Fc3%2F32063186.fts&ffile=%2Fnet%2Fcentaur%2Flz%2Flevel_05%2F010101%2Fc3%2F32063187.fts&ffile=%2Fnet%2Fcentaur%2Flz%2Flevel_05%2F010101%2Fc3%2F32063188.fts

Tue Aug  5 14:38:48 EDT 2003
level=10&outsize=512&outtype=JS&maximum=%2B0.0&minimum=%2B0.0&comments=&colortable=BW&imgtype=norm&ffile=%2Fnet%2Fcentaur%2Flz%2Flevel_05%2F010101%2Fc3%2F32063186.fts&ffile=%2Fnet%2Fcentaur%2Flz%2Flevel_05%2F010101%2Fc3%2F32063187.fts&ffile=%2Fnet%2Fcentaur%2Flz%2Flevel_05%2F010101%2Fc3%2F32063188.fts&ffile=%2Fnet%2Fcentaur%2Flz%2Flevel_05%2F010101%2Fc3%2F32063189.fts

Tue Aug  5 14:40:40 EDT 2003
level=10&outsize=512&outtype=JS&maximum=%2B0.0&minimum=%2B0.0&comments=&colortable=BW&imgtype=norm&ffile=%2Fnet%2Fcorona%2Fcplex2%2Flz_data%2Flevel_05%2F960323%2Fc1%2F12003361.fts&ffile=%2Fnet%2Fcorona%2Fcplex2%2Flz_data%2Flevel_05%2F960323%2Fc1%2F12003362.fts&ffile=%2Fnet%2Fcorona%2Fcplex2%2Flz_data%2Flevel_05%2F960323%2Fc1%2F12003363.fts&ffile=%2Fnet%2Fcorona%2Fcplex2%2Flz_data%2Flevel_05%2F960323%2Fc1%2F12003364.fts&ffile=%2Fnet%2Fcorona%2Fcplex2%2Flz_data%2Flevel_05%2F960323%2Fc1%2F12003365.fts

Tue Aug  5 14:47:03 EDT 2003
level=10&outsize=512&outtype=JS&maximum=%2B0.0&minimum=%2B0.0&comments=&colortable=BW&imgtype=norm&ffile=%2Fnet%2Fcorona%2Fcplex2%2Flz_data%2Flevel_05%2F000101%2Fc2%2F22058870.fts

Tue Aug  5 14:59:24 EDT 2003
level=10&outsize=512&outtype=JS&maximum=%2B0.0&minimum=%2B0.0&comments=&colortable=BW&imgtype=norm&ffile=%2Fnet%2Fcorona%2Fcplex2%2Flz_data%2Flevel_05%2F980101%2Fc1%2F12088575.fts

Thu Aug  7 13:51:59 EDT 2003


