

Fri Jun 27 08:28:33 EDT 2003
level=10&outsize=512&outtype=JS&maximum=%2B0.0&minimum=%2B0.0&comments=You+are+just+too+cool+Jake.+&colortable=BW&ffile=%2Fnet%2Fcentaur%2Flz%2Flevel_05%2F010101%2Fc3%2F32063186.fts&ffile=%2Fnet%2Fcentaur%2Flz%2Flevel_05%2F010101%2Fc3%2F32063187.fts&ffile=%2Fnet%2Fcentaur%2Flz%2Flevel_05%2F010101%2Fc3%2F32063188.fts

Fri Jun 27 11:59:22 EDT 2003
level=10&outsize=512&outtype=JS&maximum=%2B0.0&minimum=%2B0.0&comments=&colortable=BW&imgtype=diff&ffile=%2Fnet%2Fcentaur%2Flz%2Flevel_05%2F010101%2Fc3%2F32063186.fts&ffile=%2Fnet%2Fcentaur%2Flz%2Flevel_05%2F010101%2Fc3%2F32063187.fts&ffile=%2Fnet%2Fcentaur%2Flz%2Flevel_05%2F010101%2Fc3%2F32063188.fts

Mon Jun 30 10:46:56 EDT 2003
level=10&outsize=512&outtype=JS&maximum=%2B0.0&minimum=%2B0.0&comments=&colortable=BW&imgtype=norm&ffile=%2Fnet%2Fcentaur%2Flz%2Flevel_05%2F010101%2Fc4%2F42187347.fts&ffile=%2Fnet%2Fcentaur%2Flz%2Flevel_05%2F010101%2Fc4%2F42187348.fts

Tue Jul  1 09:00:55 EDT 2003
level=10&outsize=512&outtype=PNG&maximum=%2B0.0&minimum=%2B0.0&comments=&colortable=BW&imgtype=norm&ffile=%2Fnet%2Fcentaur%2Flz%2Flevel_05%2F010101%2Fc4%2F42187347.fts&ffile=%2Fnet%2Fcentaur%2Flz%2Flevel_05%2F010101%2Fc4%2F42187348.fts

Tue Jul  1 09:48:23 EDT 2003
level=10&outsize=512&outtype=PNG&maximum=%2B0.0&minimum=%2B0.0&comments=&colortable=BW&imgtype=norm&ffile=%2Fnet%2Fcentaur%2Flz%2Flevel_05%2F010101%2Fc4%2F42187347.fts&ffile=%2Fnet%2Fcentaur%2Flz%2Flevel_05%2F010101%2Fc4%2F42187348.fts

Tue Jul  1 09:49:04 EDT 2003
level=10&outsize=512&outtype=PNG&maximum=%2B0.0&minimum=%2B0.0&comments=&colortable=BW&imgtype=norm&ffile=%2Fnet%2Fcentaur%2Flz%2Flevel_05%2F010101%2Fc4%2F42187347.fts&ffile=%2Fnet%2Fcentaur%2Flz%2Flevel_05%2F010101%2Fc4%2F42187348.fts

Tue Jul  1 09:50:57 EDT 2003
level=10&outsize=512&outtype=PNG&maximum=%2B0.0&minimum=%2B0.0&comments=&colortable=BW&imgtype=norm&ffile=%2Fnet%2Fcentaur%2Flz%2Flevel_05%2F010101%2Fc4%2F42187347.fts&ffile=%2Fnet%2Fcentaur%2Flz%2Flevel_05%2F010101%2Fc4%2F42187348.fts

Tue Jul  1 10:03:01 EDT 2003
level=10&outsize=512&outtype=JPG&maximum=%2B0.0&minimum=%2B0.0&comments=&colortable=BW&imgtype=norm&ffile=%2Fnet%2Fcentaur%2Flz%2Flevel_05%2F010101%2Fc4%2F42187347.fts&ffile=%2Fnet%2Fcentaur%2Flz%2Flevel_05%2F010101%2Fc4%2F42187348.fts

Tue Jul  1 14:27:40 EDT 2003
level=10&outsize=256&outtype=PNG&maximum=%2B0.0&minimum=%2B0.0&comments=&colortable=BW&imgtype=norm&ffile=%2Fnet%2Fcentaur%2Flz%2Flevel_05%2F010101%2Fc2%2F22083773.fts&ffile=%2Fnet%2Fcentaur%2Flz%2Flevel_05%2F010101%2Fc2%2F22083774.fts&ffile=%2Fnet%2Fcentaur%2Flz%2Flevel_05%2F010101%2Fc2%2F22083775.fts&ffile=%2Fnet%2Fcentaur%2Flz%2Flevel_05%2F010101%2Fc2%2F22083776.fts&ffile=%2Fnet%2Fcentaur%2Flz%2Flevel_05%2F010101%2Fc2%2F22083777.fts&ffile=%2Fnet%2Fcentaur%2Flz%2Flevel_05%2F010101%2Fc2%2F22083778.fts&ffile=%2Fnet%2Fcentaur%2Flz%2Flevel_05%2F010101%2Fc2%2F22083779.fts&ffile=%2Fnet%2Fcentaur%2Flz%2Flevel_05%2F010101%2Fc2%2F22083780.fts&ffile=%2Fnet%2Fcentaur%2Flz%2Flevel_05%2F010101%2Fc2%2F22083781.fts&ffile=%2Fnet%2Fcentaur%2Flz%2Flevel_05%2F010101%2Fc2%2F22083782.fts

Tue Jul  1 14:41:33 EDT 2003
level=10&outsize=256&outtype=PNG&maximum=%2B0.0&minimum=%2B0.0&comments=&colortable=BW&imgtype=norm&ffile=%2Fnet%2Fcentaur%2Flz%2Flevel_05%2F010101%2Fc2%2F22083773.fts&ffile=%2Fnet%2Fcentaur%2Flz%2Flevel_05%2F010101%2Fc2%2F22083774.fts&ffile=%2Fnet%2Fcentaur%2Flz%2Flevel_05%2F010101%2Fc2%2F22083775.fts&ffile=%2Fnet%2Fcentaur%2Flz%2Flevel_05%2F010101%2Fc2%2F22083776.fts&ffile=%2Fnet%2Fcentaur%2Flz%2Flevel_05%2F010101%2Fc2%2F22083777.fts&ffile=%2Fnet%2Fcentaur%2Flz%2Flevel_05%2F010101%2Fc2%2F22083778.fts&ffile=%2Fnet%2Fcentaur%2Flz%2Flevel_05%2F010101%2Fc2%2F22083779.fts&ffile=%2Fnet%2Fcentaur%2Flz%2Flevel_05%2F010101%2Fc2%2F22083780.fts&ffile=%2Fnet%2Fcentaur%2Flz%2Flevel_05%2F010101%2Fc2%2F22083781.fts&ffile=%2Fnet%2Fcentaur%2Flz%2Flevel_05%2F010101%2Fc2%2F22083782.fts

Tue Jul  1 15:00:39 EDT 2003
level=10&outsize=256&outtype=PNG&maximum=%2B0.0&minimum=%2B0.0&comments=&colortable=BW&imgtype=norm&ffile=%2Fnet%2Fcentaur%2Flz%2Flevel_05%2F010101%2Fc2%2F22083773.fts&ffile=%2Fnet%2Fcentaur%2Flz%2Flevel_05%2F010101%2Fc2%2F22083774.fts&ffile=%2Fnet%2Fcentaur%2Flz%2Flevel_05%2F010101%2Fc2%2F22083775.fts&ffile=%2Fnet%2Fcentaur%2Flz%2Flevel_05%2F010101%2Fc2%2F22083776.fts&ffile=%2Fnet%2Fcentaur%2Flz%2Flevel_05%2F010101%2Fc2%2F22083777.fts&ffile=%2Fnet%2Fcentaur%2Flz%2Flevel_05%2F010101%2Fc2%2F22083778.fts&ffile=%2Fnet%2Fcentaur%2Flz%2Flevel_05%2F010101%2Fc2%2F22083779.fts&ffile=%2Fnet%2Fcentaur%2Flz%2Flevel_05%2F010101%2Fc2%2F22083784.fts&ffile=%2Fnet%2Fcentaur%2Flz%2Flevel_05%2F010101%2Fc2%2F22083785.fts&ffile=%2Fnet%2Fcentaur%2Flz%2Flevel_05%2F010101%2Fc2%2F22083786.fts

Tue Jul  1 15:14:26 EDT 2003
level=10&outsize=256&outtype=PNG&maximum=%2B0.0&minimum=%2B0.0&comments=&colortable=BW&imgtype=norm&ffile=%2Fnet%2Fcentaur%2Flz%2Flevel_05%2F010101%2Fc2%2F22083773.fts&ffile=%2Fnet%2Fcentaur%2Flz%2Flevel_05%2F010101%2Fc2%2F22083774.fts&ffile=%2Fnet%2Fcentaur%2Flz%2Flevel_05%2F010101%2Fc2%2F22083775.fts

Wed Jul  2 13:37:56 EDT 2003
level=10&outsize=256&outtype=AGIFL&maximum=%2B0.0&minimum=%2B0.0&comments=&colortable=BW&imgtype=norm&ffile=%2Fnet%2Fcorona%2Fcplex2%2Flz_data%2Flevel_05%2F960323%2Fc3%2F32004286.fts&ffile=%2Fnet%2Fcorona%2Fcplex2%2Flz_data%2Flevel_05%2F960323%2Fc3%2F32004288.fts&ffile=%2Fnet%2Fcorona%2Fcplex2%2Flz_data%2Flevel_05%2F960324%2Fc3%2F32004290.fts&ffile=%2Fnet%2Fcorona%2Fcplex2%2Flz_data%2Flevel_05%2F960324%2Fc3%2F32004292.fts&ffile=%2Fnet%2Fcorona%2Fcplex2%2Flz_data%2Flevel_05%2F960324%2Fc3%2F32004294.fts&ffile=%2Fnet%2Fcorona%2Fcplex2%2Flz_data%2Flevel_05%2F960324%2Fc3%2F32004296.fts

Wed Jul  2 13:40:47 EDT 2003
level=10&outsize=256&outtype=AGIFL&maximum=%2B0.0&minimum=%2B0.0&comments=&colortable=BW&imgtype=norm&ffile=%2Fnet%2Fcorona%2Fcplex2%2Flz_data%2Flevel_05%2F000404%2Fc3%2F32050591.fts&ffile=%2Fnet%2Fcorona%2Fcplex2%2Flz_data%2Flevel_05%2F000404%2Fc3%2F32050593.fts&ffile=%2Fnet%2Fcorona%2Fcplex2%2Flz_data%2Flevel_05%2F000404%2Fc3%2F32050595.fts&ffile=%2Fnet%2Fcorona%2Fcplex2%2Flz_data%2Flevel_05%2F000404%2Fc3%2F32050597.fts&ffile=%2Fnet%2Fcorona%2Fcplex2%2Flz_data%2Flevel_05%2F000404%2Fc3%2F32050599.fts&ffile=%2Fnet%2Fcorona%2Fcplex2%2Flz_data%2Flevel_05%2F000404%2Fc3%2F32050601.fts&ffile=%2Fnet%2Fcorona%2Fcplex2%2Flz_data%2Flevel_05%2F000404%2Fc3%2F32050603.fts

Wed Jul  2 13:47:11 EDT 2003
level=10&outsize=256&outtype=AGIFL&maximum=%2B0.0&minimum=%2B0.0&comments=&colortable=BW&imgtype=norm&ffile=%2Fnet%2Fcorona%2Fcplex2%2Flz_data%2Flevel_05%2F000404%2Fc3%2F32050591.fts&ffile=%2Fnet%2Fcorona%2Fcplex2%2Flz_data%2Flevel_05%2F000404%2Fc3%2F32050593.fts&ffile=%2Fnet%2Fcorona%2Fcplex2%2Flz_data%2Flevel_05%2F000404%2Fc3%2F32050595.fts&ffile=%2Fnet%2Fcorona%2Fcplex2%2Flz_data%2Flevel_05%2F000404%2Fc3%2F32050597.fts&ffile=%2Fnet%2Fcorona%2Fcplex2%2Flz_data%2Flevel_05%2F000404%2Fc3%2F32050599.fts&ffile=%2Fnet%2Fcorona%2Fcplex2%2Flz_data%2Flevel_05%2F000404%2Fc3%2F32050601.fts&ffile=%2Fnet%2Fcorona%2Fcplex2%2Flz_data%2Flevel_05%2F000404%2Fc3%2F32050603.fts

Wed Jul  2 13:47:41 EDT 2003
level=10&outsize=256&outtype=AGIFL&maximum=%2B0.0&minimum=%2B0.0&comments=&colortable=BW&imgtype=norm&ffile=%2Fnet%2Fcorona%2Fcplex2%2Flz_data%2Flevel_05%2F000404%2Fc3%2F32050591.fts&ffile=%2Fnet%2Fcorona%2Fcplex2%2Flz_data%2Flevel_05%2F000404%2Fc3%2F32050593.fts&ffile=%2Fnet%2Fcorona%2Fcplex2%2Flz_data%2Flevel_05%2F000404%2Fc3%2F32050595.fts

Mon Jul  7 07:54:39 EDT 2003
level=10&outsize=256&outtype=PNG&maximum=%2B0.0&minimum=%2B0.0&comments=jake+testing&colortable=BW&imgtype=norm&ffile=%2Fnet%2Fcentaur%2Flz%2Flevel_05%2F010101%2Fc2%2F22083773.fts&ffile=%2Fnet%2Fcentaur%2Flz%2Flevel_05%2F010101%2Fc2%2F22083774.fts&ffile=%2Fnet%2Fcentaur%2Flz%2Flevel_05%2F010101%2Fc2%2F22083775.fts

Tue Jul  8 14:34:17 EDT 2003
level=10&outsize=256&outtype=MNG&maximum=%2B0.0&minimum=%2B0.0&comments=jake+testing&colortable=BW&imgtype=norm&ffile=%2Fnet%2Fcentaur%2Flz%2Flevel_05%2F010101%2Fc2%2F22083773.fts&ffile=%2Fnet%2Fcentaur%2Flz%2Flevel_05%2F010101%2Fc2%2F22083774.fts&ffile=%2Fnet%2Fcentaur%2Flz%2Flevel_05%2F010101%2Fc2%2F22083775.fts

Wed Jul  9 21:26:22 EDT 2003
level=10&outsize=256&outtype=GIF&maximum=%2B0.0&minimum=%2B0.0&comments=&colortable=BW&imgtype=norm&ffile=%2Fnet%2Fcorona%2Flz%2Flevel_05%2F030601%2Fc3%2F32106890.fts

Wed Jul  9 21:44:35 EDT 2003
level=10&outsize=128&outtype=GIF&maximum=%2B0.0&minimum=%2B0.0&comments=&colortable=BW&imgtype=norm&ffile=%2Fnet%2Fcorona%2Flz%2Flevel_05%2F030507%2Fc3%2F32105712.fts

Wed Jul  9 21:47:13 EDT 2003
level=10&outsize=256&outtype=GIF&maximum=%2B0.0&minimum=%2B0.0&comments=&colortable=BW&imgtype=norm&ffile=%2Fnet%2Fcorona%2Flz%2Flevel_05%2F020529%2Fc3%2F32088684.fts

Wed Jul  9 21:50:55 EDT 2003
level=10&outsize=256&outtype=GIF&maximum=%2B0.0&minimum=%2B0.0&comments=&colortable=BW&imgtype=norm&ffile=%2Fnet%2Fcorona%2Flz%2Flevel_05%2F030529%2Fc3%2F32106744.fts

Wed Jul  9 21:55:36 EDT 2003
level=10&outsize=512&outtype=GIF&maximum=%2B0.0&minimum=%2B0.0&comments=&colortable=BW&imgtype=norm&ffile=%2Fnet%2Fcorona%2Flz%2Flevel_05%2F030529%2Fc3%2F32106744.fts

Wed Jul  9 22:07:16 EDT 2003
level=10&outsize=512&outtype=GIF&maximum=%2B0.0&minimum=%2B0.0&comments=&colortable=BW&imgtype=norm&ffile=%2Fnet%2Fcorona%2Flz%2Flevel_05%2F020529%2Fc3%2F32088684.fts

Wed Jul  9 22:47:40 EDT 2003
level=10&outsize=512&outtype=AGIFL&maximum=%2B0.0&minimum=%2B0.0&comments=&colortable=BW&imgtype=norm&ffile=%2Fnet%2Fcorona%2Fql%2Flevel_05%2F030623%2Fc3%2F31104930.fts&ffile=%2Fnet%2Fcorona%2Fql%2Flevel_05%2F030623%2Fc3%2F31104931.fts&ffile=%2Fnet%2Fcorona%2Fql%2Flevel_05%2F030623%2Fc3%2F31104932.fts&ffile=%2Fnet%2Fcorona%2Fql%2Flevel_05%2F030623%2Fc3%2F31104933.fts&ffile=%2Fnet%2Fcorona%2Fql%2Flevel_05%2F030623%2Fc3%2F31104934.fts&ffile=%2Fnet%2Fcorona%2Fql%2Flevel_05%2F030623%2Fc3%2F31104935.fts&ffile=%2Fnet%2Fcorona%2Fql%2Flevel_05%2F030623%2Fc3%2F31104936.fts&ffile=%2Fnet%2Fcorona%2Fql%2Flevel_05%2F030623%2Fc3%2F31104937.fts

Thu Jul 10 09:45:44 EDT 2003
level=10&outsize=512&outtype=JS&maximum=%2B0.0&minimum=%2B0.0&comments=&colortable=BW&imgtype=norm&ffile=%2Fnet%2Fcorona%2Flz%2Flevel_05%2F030601%2Fc2%2F22148328.fts&ffile=%2Fnet%2Fcorona%2Flz%2Flevel_05%2F030601%2Fc2%2F22148329.fts&ffile=%2Fnet%2Fcorona%2Flz%2Flevel_05%2F030601%2Fc2%2F22148330.fts

